scripts/kconfig/conf  --silentoldconfig Kconfig
  CHK     include/config/kernel.release
  CHK     include/generated/uapi/linux/version.h
  HOSTCC  scripts/dtc/dtc.o
  HOSTCC  scripts/genksyms/genksyms.o
  CC      scripts/mod/empty.o
  HOSTCC  scripts/mod/mk_elfconfig
  CC      scripts/mod/devicetable-offsets.s
  HOSTCC  scripts/dtc/flattree.o
  MKELF   scripts/mod/elfconfig.h
  GEN     scripts/mod/devicetable-offsets.h
  HOSTCC  scripts/mod/sumversion.o
  HOSTCC  scripts/genksyms/parse.tab.o
  HOSTCC  scripts/dtc/fstree.o
  HOSTCC  scripts/mod/modpost.o
  HOSTCC  scripts/dtc/data.o
  HOSTCC  scripts/genksyms/lex.lex.o
  HOSTCC  scripts/dtc/livetree.o
  HOSTCC  scripts/mod/file2alias.o
  HOSTCC  scripts/dtc/treesource.o
  HOSTLD  scripts/genksyms/genksyms
  HOSTCC  scripts/dtc/srcpos.o
  HOSTCC  scripts/kallsyms
  HOSTCC  scripts/dtc/checks.o
  HOSTLD  scripts/mod/modpost
  HOSTCC  scripts/dtc/util.o
  HOSTCC  scripts/dtc/dtc-lexer.lex.o
  HOSTCC  scripts/dtc/dtc-parser.tab.o
  HOSTCC  scripts/pnmtologo
  HOSTCC  scripts/conmakehash
  HOSTCC  scripts/sortextable
  HOSTLD  scripts/dtc/dtc
  CHK     include/generated/utsrelease.h
make[1]: “include/generated/mach-types.h”是最新的。
  CC      kernel/bounds.s
  CHK     include/generated/bounds.h
  CC      arch/arm/kernel/asm-offsets.s
  CHK     include/generated/asm-offsets.h
  CALL    scripts/checksyscalls.sh
  CC      init/main.o
  HOSTCC  usr/gen_init_cpio
  CC      arch/arm/vfp/vfpmodule.o
  GEN     usr/initramfs_data.cpio.gz
  AS      usr/initramfs_data.o
  LD      usr/built-in.o
  AS      arch/arm/vfp/entry.o
  CHK     include/generated/compile.h
  CC      init/do_mounts.o
  AS      arch/arm/vfp/vfphw.o
  CC      arch/arm/vfp/vfpsingle.o
  CC      arch/arm/vfp/vfpdouble.o
  LD      arch/arm/vfp/vfp.o
  LD      arch/arm/vfp/built-in.o
  CC      init/do_mounts_rd.o
  CC      init/do_mounts_initrd.o
  CC      arch/arm/kernel/elf.o
  CC      arch/arm/mm/dma-mapping.o
  AS      arch/arm/kernel/entry-common.o
  CC      init/initramfs.o
  CC      arch/arm/kernel/irq.o
  CC      arch/arm/kernel/opcodes.o
  CC      init/calibrate.o
  CC      arch/arm/mm/extable.o
  CC      arch/arm/mm/fault.o
  CC      arch/arm/kernel/process.o
  CC      init/init_task.o
  CC      arch/arm/mm/init.o
  CC      arch/arm/kernel/ptrace.o
  CC      init/version.o
  LD      init/mounts.o
  LD      init/built-in.o
  CC      arch/arm/kernel/reboot.o
  CC      arch/arm/common/firmware.o
  CC      arch/arm/mm/iomap.o
  CC      arch/arm/kernel/return_address.o
  LD      arch/arm/common/built-in.o
  CC      arch/arm/kernel/setup.o
  CC      arch/arm/kernel/signal.o
  CC      arch/arm/mm/fault-armv.o
  CC      arch/arm/mm/flush.o
  AS      arch/arm/kernel/sigreturn_codes.o
  CC      arch/arm/mm/idmap.o
  LD      arch/arm/probes/built-in.o
  LD      arch/arm/net/built-in.o
  CC      arch/arm/kernel/stacktrace.o
  CC      arch/arm/mm/ioremap.o
  LD      arch/arm/crypto/built-in.o
  CC      arch/arm/kernel/sys_arm.o
  LD      arch/arm/firmware/built-in.o
  CC      arch/arm/kernel/time.o
  CC      arch/arm/mach-imx/time.o
  CC      arch/arm/mm/mmap.o
  CC      arch/arm/kernel/traps.o
  CC      arch/arm/mach-imx/cpu.o
  CC      arch/arm/mm/pgd.o
  CC      arch/arm/mach-imx/system.o
  CC      arch/arm/mach-imx/irq-common.o
  CC      arch/arm/mm/mmu.o
  CC      arch/arm/kernel/atags_parse.o
  CC      arch/arm/mach-imx/common.o
  AS      arch/arm/kernel/entry-armv.o
  CC      arch/arm/kernel/cpuidle.o
  CC      arch/arm/mach-imx/clk-pllv1.o
  CC      arch/arm/kernel/armksyms.o
  CC      arch/arm/mach-imx/clk-pllv2.o
  CC      arch/arm/mm/pageattr.o
  CC      arch/arm/mach-imx/clk-pllv3.o
  CC      arch/arm/kernel/module.o
  CC      arch/arm/mm/proc-syms.o
  CC      arch/arm/kernel/bios32.o
  CC      arch/arm/mach-imx/clk-gate2.o
  CC      arch/arm/mm/alignment.o
  CC      arch/arm/mach-imx/clk-pfd.o
  CC      arch/arm/kernel/isa.o
  CC      arch/arm/mach-imx/clk-busy.o
  AS      arch/arm/kernel/sleep.o
  CC      arch/arm/kernel/suspend.o
  CC      arch/arm/mm/highmem.o
  CC      arch/arm/mach-imx/clk.o
  CC      arch/arm/kernel/smp.o
  CC      arch/arm/mach-imx/clk-fixup-div.o
  AS      arch/arm/mm/abort-ev7.o
  AS      arch/arm/mm/pabort-v7.o
  AS      arch/arm/mm/cache-v7.o
  CC      arch/arm/mm/copypage-v6.o
  CC      arch/arm/mach-imx/clk-fixup-mux.o
  CC      arch/arm/mach-imx/clk-gate-exclusive.o
  CC      arch/arm/kernel/smp_tlb.o
  CC      arch/arm/mm/context.o
  CC      arch/arm/mach-imx/cpuidle-imx6q.o
  AS      arch/arm/mach-imx/ssi-fiq.o
  CC      arch/arm/mach-imx/ssi-fiq-ksym.o
  CC      arch/arm/kernel/smp_scu.o
  CC      arch/arm/mach-imx/anatop.o
  AS      arch/arm/mm/tlb-v7.o
  AS      arch/arm/mm/proc-v7.o
  CC      arch/arm/mm/l2c-common.o
  CC      arch/arm/mach-imx/gpc.o
  CC      arch/arm/mm/cache-l2x0.o
  CC      arch/arm/kernel/smp_twd.o
  CC      arch/arm/kernel/devtree.o
  CC      arch/arm/mach-imx/mmdc.o
  CC      arch/arm/mach-imx/src.o
  AS      arch/arm/mach-imx/headsmp.o
  CC      arch/arm/mach-imx/platsmp.o
  CC      arch/arm/kernel/swp_emulate.o
  AS      arch/arm/mm/l2c-l2x0-resume.o
  LD      arch/arm/mm/built-in.o
  CC      arch/arm/kernel/hw_breakpoint.o
  CC      kernel/fork.o
  CC      arch/arm/mach-imx/hotplug.o
  CC      arch/arm/mach-imx/busfreq_lpddr2.o
  CC      arch/arm/kernel/perf_regs.o
  CC      arch/arm/mach-imx/busfreq-imx.o
  CC      arch/arm/kernel/perf_callchain.o
  CC      kernel/exec_domain.o
  CC      arch/arm/kernel/perf_event.o
  CC      kernel/panic.o
  CC      arch/arm/kernel/perf_event_cpu.o
  CC      arch/arm/mach-imx/busfreq_ddr3.o
  CC      kernel/cpu.o
  CC      arch/arm/mach-imx/clk-imx6q.o
  CC      arch/arm/kernel/topology.o
  CC      kernel/exit.o
  CC      arch/arm/kernel/io.o
  AS      arch/arm/kernel/hyp-stub.o
  CC      arch/arm/mach-imx/mach-imx6q.o
  AS      arch/arm/kernel/head.o
  LDS     arch/arm/kernel/vmlinux.lds
  LD      arch/arm/kernel/built-in.o
  AS      arch/arm/mach-imx/ddr3_freq_imx6.o
  CC      kernel/softirq.o
  AS      arch/arm/mach-imx/smp_wfe_imx6.o
  AS      arch/arm/mach-imx/lpddr2_freq_imx6q.o
  AS      arch/arm/mach-imx/suspend-imx6.o
  CC      mm/filemap.o
  CC      arch/arm/mach-imx/pm-imx6.o
  CC      kernel/resource.o
  CC      arch/arm/mach-imx/devices/devices.o
  CC      arch/arm/mach-imx/devices/platform-gpio-mxc.o
  CC      mm/mempool.o
  CC      kernel/sysctl.o
  CC      arch/arm/mach-imx/devices/platform-imx-dma.o
  LD      arch/arm/mach-imx/devices/built-in.o
  LD      arch/arm/mach-imx/built-in.o
  CC      mm/oom_kill.o
  CC      fs/open.o
  CC      mm/maccess.o
  CC      mm/page_alloc.o
  CC      kernel/sysctl_binary.o
  CC      fs/read_write.o
  CC      kernel/capability.o
  CC      kernel/ptrace.o
  CC      fs/file_table.o
  CC      kernel/user.o
  CC      kernel/signal.o
  CC      fs/super.o
  CC      mm/page-writeback.o
  CC      fs/char_dev.o
  CC      mm/readahead.o
  CC      fs/stat.o
  CC      kernel/sys.o
  CC      mm/swap.o
  CC      fs/exec.o
  CC      kernel/kmod.o
  CC      mm/truncate.o
  CC      mm/vmscan.o
  CC      kernel/workqueue.o
  CC      fs/pipe.o
  CC      mm/shmem.o
  CC      fs/namei.o
  CC      kernel/pid.o
  CC      mm/util.o
  CC      mm/mmzone.o
  CC      kernel/task_work.o
  CC      mm/vmstat.o
  CC      kernel/extable.o
  CC      kernel/params.o
  CC      fs/fcntl.o
  CC      kernel/kthread.o
  CC      fs/ioctl.o
  CC      mm/backing-dev.o
  CC      mm/mm_init.o
  CC      kernel/sys_ni.o
  CC      kernel/nsproxy.o
  CC      fs/readdir.o
  CC      mm/mmu_context.o
  CC      kernel/notifier.o
  CC      fs/select.o
  CC      mm/percpu.o
  CC      kernel/ksysfs.o
  CC      kernel/cred.o
  CC      fs/dcache.o
  CC      mm/slab_common.o
  CC      kernel/reboot.o
  CC      kernel/async.o
  CC      mm/compaction.o
  CC      fs/inode.o
  CC      kernel/range.o
  CC      kernel/smpboot.o
  CC      mm/vmacache.o
  CC      kernel/groups.o
  CC      mm/interval_tree.o
  CC      fs/attr.o
  CC      fs/bad_inode.o
  CC      mm/list_lru.o
  CC      kernel/bpf/core.o
  CC      fs/file.o
  CC      mm/workingset.o
  CC      fs/filesystems.o
  CC      mm/debug.o
  LD      kernel/bpf/built-in.o
  CC      kernel/events/core.o
  CC      fs/namespace.o
  CC      mm/gup.o
  CC      mm/highmem.o
  CC      fs/seq_file.o
  CC      mm/memory.o
  CC      fs/xattr.o
  CC      fs/libfs.o
  CC      fs/fs-writeback.o
  CC      mm/mincore.o
  CC      kernel/events/ring_buffer.o
  CC      mm/mlock.o
  CC      kernel/events/callchain.o
  CC      fs/pnode.o
  CC      kernel/events/hw_breakpoint.o
  CC      mm/mmap.o
  CC      fs/splice.o
  LD      kernel/events/built-in.o
  CC      kernel/irq/irqdesc.o
  CC      fs/sync.o
  CC      kernel/irq/handle.o
  CC      fs/utimes.o
  CC      mm/mprotect.o
  CC      kernel/irq/manage.o
  CC      fs/stack.o
  CC      mm/mremap.o
  CC      fs/fs_struct.o
  CC      kernel/irq/spurious.o
  CC      fs/statfs.o
  CC      mm/msync.o
  CC      kernel/irq/resend.o
  CC      fs/fs_pin.o
  CC      kernel/irq/chip.o
  CC      mm/rmap.o
  CC      fs/nsfs.o
  CC      kernel/irq/dummychip.o
  CC      fs/buffer.o
  CC      kernel/irq/devres.o
  CC      kernel/irq/generic-chip.o
  CC      mm/vmalloc.o
  CC      kernel/irq/autoprobe.o
  CC      kernel/irq/irqdomain.o
  CC      kernel/irq/proc.o
  CC      kernel/irq/pm.o
  CC      kernel/irq/msi.o
  CC      mm/pagewalk.o
  CC      fs/block_dev.o
  CC      mm/pgtable-generic.o
  LD      kernel/irq/built-in.o
  LD      kernel/livepatch/built-in.o
  CC      kernel/locking/mutex.o
  CC      mm/process_vm_access.o
  CC      kernel/locking/semaphore.o
  CC      kernel/locking/rwsem.o
  CC      mm/init-mm.o
  CC      fs/direct-io.o
  CC      mm/nobootmem.o
  CC      kernel/locking/spinlock.o
  CC      kernel/locking/osq_lock.o
  CC      mm/fadvise.o
  CC      kernel/locking/lglock.o
  CC      kernel/locking/rtmutex.o
  CC      mm/madvise.o
  CC      fs/mpage.o
  CC      mm/memblock.o
  CC      kernel/locking/rwsem-xadd.o
  CC      fs/proc_namespace.o
  CC      mm/page_io.o
  LD      kernel/locking/built-in.o
  CC      kernel/power/qos.o
  CC      fs/autofs4/init.o
  CC      mm/swap_state.o
  CC      fs/autofs4/inode.o
  CC      kernel/power/main.o
  CC      mm/swapfile.o
  CC      kernel/power/console.o
  CC      fs/autofs4/root.o
  CC      fs/autofs4/symlink.o
  CC      fs/autofs4/waitq.o
  CC      kernel/power/process.o
  CC      kernel/power/suspend.o
  CC      fs/autofs4/expire.o
  CC      kernel/power/suspend_test.o
  CC      fs/autofs4/dev-ioctl.o
  LD      kernel/power/built-in.o
  CC      mm/dmapool.o
  CC      kernel/printk/printk.o
  LD      fs/autofs4/autofs4.o
  LD      fs/autofs4/built-in.o
  CC      fs/cifs/cifsfs.o
  CC      mm/slub.o
  LD      kernel/printk/built-in.o
  CC      kernel/rcu/update.o
  CC      fs/cifs/cifssmb.o
  CC      kernel/rcu/srcu.o
  CC      mm/migrate.o
  CC      kernel/rcu/tree.o
  CC      mm/page_isolation.o
  CC      mm/cma.o
  LD      kernel/rcu/built-in.o
  CC      kernel/sched/core.o
  LD      mm/built-in.o
  CC      fs/cifs/cifs_debug.o
  HZFILE  kernel/time/hz.bc
  CC      kernel/time/timer.o
  CC      fs/cifs/connect.o
  CC      kernel/time/hrtimer.o
  CC      fs/cifs/dir.o
  CC      kernel/time/itimer.o
  CC      fs/cifs/file.o
  CC      kernel/time/posix-timers.o
  CC      kernel/sched/proc.o
  CC      kernel/sched/clock.o
  CC      kernel/time/posix-cpu-timers.o
  CC      kernel/sched/cputime.o
  CC      fs/cifs/inode.o
  CC      kernel/sched/idle_task.o
  CC      kernel/time/timekeeping.o
  CC      kernel/sched/fair.o
  CC      fs/cifs/link.o
  CC      fs/cifs/misc.o
  CC      fs/cifs/netmisc.o
  CC      kernel/time/ntp.o
  CC      fs/cifs/smbencrypt.o
  CC      kernel/time/clocksource.o
  CC      fs/cifs/transport.o
  CC      kernel/time/jiffies.o
  CC      fs/cifs/asn1.o
  CC      kernel/time/timer_list.o
  CC      kernel/sched/rt.o
  CC      fs/cifs/cifs_unicode.o
  CC      kernel/time/timeconv.o
  CC      kernel/time/timecounter.o
  CC      fs/cifs/nterr.o
  CC      kernel/time/posix-clock.o
  CC      fs/cifs/xattr.o
  CC      kernel/sched/deadline.o
  CC      kernel/time/alarmtimer.o
  CC      fs/cifs/cifsencrypt.o
  CC      kernel/time/clockevents.o
  CC      kernel/sched/stop_task.o
  CC      kernel/time/tick-common.o
  CC      kernel/time/tick-broadcast.o
  CC      kernel/sched/wait.o
  CC      fs/cifs/readdir.o
  CC      kernel/time/tick-broadcast-hrtimer.o
  CC      kernel/time/sched_clock.o
  CC      kernel/sched/completion.o
  CC      kernel/time/tick-oneshot.o
  CC      kernel/sched/idle.o
  CC      fs/cifs/ioctl.o
  CC      kernel/time/tick-sched.o
  CC      kernel/sched/cpupri.o
  CC      kernel/sched/cpudeadline.o
  CC      kernel/sched/cpuacct.o
  CC      fs/cifs/sess.o
  LD      kernel/sched/built-in.o
  CC      fs/cifs/export.o
  CC      kernel/time/timekeeping_debug.o
  BC      kernel/time/timeconst.h
  CC      kernel/time/time.o
  LD      fs/configfs/built-in.o
  CC      kernel/freezer.o
  LD      kernel/time/built-in.o
  CC      fs/cifs/smb1ops.o
  CC      kernel/futex.o
  CC      fs/cifs/winucase.o
  CC      kernel/smp.o
  LD      fs/cifs/cifs.o
  LD      fs/cifs/built-in.o
  CC      fs/debugfs/inode.o
  CC      fs/debugfs/file.o
  CC      kernel/uid16.o
  CC      kernel/module.o
  CC      ipc/util.o
  LD      fs/debugfs/debugfs.o
  LD      fs/debugfs/built-in.o
  CC      fs/devpts/inode.o
  CC      ipc/msgutil.o
  CC      ipc/msg.o
  LD      fs/devpts/devpts.o
  LD      fs/devpts/built-in.o
  LD      fs/exofs/built-in.o
  CC      fs/exportfs/expfs.o
  CC      ipc/sem.o
  LD      fs/exportfs/exportfs.o
  LD      fs/exportfs/built-in.o
  CC      fs/ext4/balloc.o
  CC      kernel/kallsyms.o
  CC      ipc/shm.o
  CC      kernel/cgroup.o
  CC      fs/ext4/bitmap.o
  CC      ipc/syscall.o
  CC      ipc/ipc_sysctl.o
  CC      fs/ext4/dir.o
  CC      ipc/namespace.o
  LD      ipc/built-in.o
  CC      fs/ext4/file.o
  CC      fs/fat/cache.o
  CC      fs/ext4/fsync.o
  CC      fs/fat/dir.o
  CC      fs/ext4/ialloc.o
  CC      fs/fat/fatent.o
  CC      fs/ext4/inode.o
  CC      kernel/cgroup_freezer.o
  CC      fs/fat/file.o
  CC      kernel/utsname.o
  CC      kernel/pid_namespace.o
  CC      fs/fat/inode.o
  GZIP    kernel/config_data.gz
  CC      kernel/stop_machine.o
  CC      kernel/hung_task.o
  CC      kernel/watchdog.o
  CC      kernel/seccomp.o
  CC      fs/fat/misc.o
  CC      fs/fat/nfs.o
  CC      fs/ext4/page-io.o
  CC      kernel/relay.o
  CC      fs/fat/namei_vfat.o
  CC      fs/ext4/ioctl.o
  LD      fs/fat/fat.o
  LD      fs/fat/vfat.o
  LD      fs/fat/built-in.o
  CC      security/keys/gc.o
  CC      fs/ext4/namei.o
  CC      kernel/utsname_sysctl.o
  CC      kernel/elfcore.o
  CC      security/keys/key.o
  CC      kernel/irq_work.o
  CC      security/keys/keyring.o
  CC      kernel/cpu_pm.o
  CHK     kernel/config_data.h
  UPD     kernel/config_data.h
  CC      kernel/configs.o
  CC      security/keys/keyctl.o
  LD      kernel/built-in.o
  CC      security/keys/permission.o
  CC      security/commoncap.o
  CC      fs/ext4/super.o
  CC      security/keys/process_keys.o
  CC      fs/ext4/symlink.o
  CC      security/min_addr.o
  CC      fs/ext4/hash.o
  CC      security/keys/request_key.o
  CC      security/keys/request_key_auth.o
  CC      security/inode.o
  CC      security/keys/user_defined.o
  CC      security/keys/proc.o
  CC      security/keys/sysctl.o
  CC      fs/ext4/resize.o
  LD      security/keys/built-in.o
  LD      security/built-in.o
  CC      fs/ext4/extents.o
  CC      fs/fuse/dev.o
  CC      fs/fuse/dir.o
  LD      fs/isofs/built-in.o
  CC      fs/fuse/file.o
  CC      fs/jbd2/transaction.o
  CC      fs/ext4/ext4_jbd2.o
  CC      fs/fuse/inode.o
  CC      fs/ext4/migrate.o
  CC      fs/jbd2/commit.o
  CC      fs/fuse/control.o
  CC      fs/ext4/mballoc.o
  CC      fs/fuse/cuse.o
  LD      fs/fuse/fuse.o
  LD      fs/fuse/built-in.o
  CC      fs/jbd2/recovery.o
  CC      fs/kernfs/mount.o
  CC      fs/jbd2/checkpoint.o
  CC      fs/kernfs/inode.o
  CC      fs/jbd2/revoke.o
  CC      fs/kernfs/dir.o
  CC      fs/jbd2/journal.o
  CC      fs/kernfs/file.o
  CC      fs/ext4/block_validity.o
  LD      fs/jbd2/jbd2.o
  LD      fs/jbd2/built-in.o
  CC      crypto/api.o
  CC      fs/kernfs/symlink.o
  CC      fs/ext4/move_extent.o
  LD      fs/kernfs/built-in.o
  CC      block/bio.o
  CC      crypto/cipher.o
  CC      crypto/compress.o
  CC      fs/ext4/mmp.o
  CC      crypto/memneq.o
  CC      fs/ext4/indirect.o
  CC      crypto/crypto_wq.o
  CC      block/elevator.o
  CC      crypto/algapi.o
  CC      fs/ext4/extents_status.o
  CC      fs/ext4/xattr.o
  CC      block/blk-core.o
  CC      crypto/scatterwalk.o
  CC      fs/ext4/xattr_user.o
  CC      crypto/proc.o
  CC      block/blk-tag.o
  CC      fs/ext4/xattr_trusted.o
  CC      crypto/aead.o
  CC      block/blk-sysfs.o
  CC      fs/ext4/inline.o
  CC      block/blk-flush.o
  CC      fs/ext4/readpage.o
  CC      crypto/ablkcipher.o
  CC      block/blk-settings.o
  CC      fs/ext4/acl.o
  CC      crypto/blkcipher.o
  CC      fs/ext4/xattr_security.o
  CC      block/blk-ioc.o
  LD      fs/ext4/ext4.o
  LD      fs/ext4/built-in.o
  CC      fs/lockd/clntlock.o
  CC      crypto/chainiv.o
  CC      block/blk-map.o
  CC      crypto/eseqiv.o
  CC      crypto/seqiv.o
  CC      block/blk-exec.o
  CC      fs/lockd/clntproc.o
  CC      crypto/ahash.o
  CC      block/blk-merge.o
  CC      fs/lockd/clntxdr.o
  CC      crypto/shash.o
  CC      fs/lockd/host.o
  CC      block/blk-softirq.o
  CC      crypto/pcompress.o
  CC      fs/lockd/svc.o
  CC      block/blk-timeout.o
  CC      block/blk-iopoll.o
  CC      crypto/algboss.o
  CC      fs/lockd/svclock.o
  CC      block/blk-lib.o
  CC      crypto/testmgr.o
  CC      block/blk-mq.o
  CC      crypto/crypto_user.o
  CC      fs/lockd/svcshare.o
  CC      crypto/cmac.o
  CC      fs/lockd/svcproc.o
  CC      block/blk-mq-tag.o
  CC      crypto/hmac.o
  CC      block/blk-mq-sysfs.o
  CC      fs/lockd/svcsubs.o
  CC      crypto/crypto_null.o
  CC      block/blk-mq-cpu.o
  CC      crypto/md4.o
  CC      block/blk-mq-cpumap.o
  CC      crypto/md5.o
  CC      fs/lockd/mon.o
  CC      block/ioctl.o
  CC      crypto/rmd128.o
  CC      block/genhd.o
  CC      fs/lockd/xdr.o
  CC      crypto/rmd160.o
  CC      block/scsi_ioctl.o
  CC      fs/lockd/clnt4xdr.o
  CC      crypto/rmd256.o
  CC      block/partition-generic.o
  CC      crypto/rmd320.o
  CC      fs/lockd/xdr4.o
  CC      block/ioprio.o
  CC      fs/lockd/svc4proc.o
  CC      crypto/sha1_generic.o
  CC      block/partitions/check.o
  CC      block/partitions/msdos.o
  CC      crypto/sha256_generic.o
  CC      fs/lockd/procfs.o
  CC      block/partitions/efi.o
  LD      fs/lockd/lockd.o
  LD      fs/lockd/built-in.o
  CC      fs/nfs/client.o
  CC      crypto/sha512_generic.o
  LD      block/partitions/built-in.o
  CC      block/bounce.o
  CC      crypto/wp512.o
  CC      block/noop-iosched.o
  CC      block/deadline-iosched.o
  CC      fs/nfs/dir.o
  CC      crypto/tgr192.o
  CC      block/cfq-iosched.o
  CC      crypto/gf128mul.o
  CC      crypto/ecb.o
  LD      block/built-in.o
  CC      crypto/cbc.o
  CC      fs/nfs_common/nfsacl.o
  CC      fs/nfs/file.o
  CC      crypto/pcbc.o
  CC      fs/nfs_common/grace.o
  CC      crypto/cts.o
  CC      fs/nfs/getroot.o
  LD      fs/nfs_common/nfs_acl.o
  LD      fs/nfs_common/built-in.o
  CC      fs/nfs/inode.o
  CC      crypto/lrw.o
  CC      fs/nfs/super.o
  CC      crypto/xts.o
  CC      fs/nls/nls_base.o
  CC      crypto/ctr.o
  CC      fs/nfs/direct.o
  CC      fs/nls/nls_cp437.o
  CC      fs/nls/nls_ascii.o
  CC      fs/nls/nls_iso8859-1.o
  CC      crypto/gcm.o
  CC      fs/nls/nls_utf8.o
  LD      fs/nls/built-in.o
  CC      crypto/ccm.o
  LD      drivers/amba/built-in.o
  CC      drivers/ata/libata-core.o
  CC      fs/nfs/pagelist.o
  CC      crypto/des_generic.o
  CC      crypto/blowfish_generic.o
  CC      crypto/blowfish_common.o
  CC      crypto/twofish_generic.o
  CC      fs/nfs/read.o
  CC      crypto/twofish_common.o
  CC      crypto/aes_generic.o
  CC      crypto/camellia_generic.o
  CC      fs/nfs/symlink.o
  CC      fs/nfs/unlink.o
  CC      drivers/ata/libata-scsi.o
  CC      crypto/arc4.o
  CC      fs/nfs/write.o
  CC      crypto/deflate.o
  CC      crypto/michael_mic.o
  CC      drivers/ata/libata-eh.o
  CC      crypto/crc32c_generic.o
  CC      crypto/crct10dif_common.o
  CC      crypto/crct10dif_generic.o
  CC      fs/nfs/namespace.o
  CC      crypto/authenc.o
  CC      drivers/ata/libata-transport.o
  CC      fs/nfs/mount_clnt.o
  CC      drivers/ata/libata-trace.o
  CC      crypto/authencesn.o
  CC      drivers/ata/libata-sff.o
  CC      crypto/lzo.o
  CC      fs/nfs/nfstrace.o
  CC      crypto/rng.o
  CC      crypto/krng.o
  CC      fs/nfs/nfsroot.o
  CC      crypto/ghash-generic.o
  LD      crypto/crypto.o
  LD      crypto/crypto_algapi.o
  LD      crypto/crypto_blkcipher.o
  LD      crypto/crypto_hash.o
  LD      crypto/cryptomgr.o
  LD      crypto/built-in.o
  LD      drivers/auxdisplay/built-in.o
  CC      fs/notify/fsnotify.o
  CC      fs/nfs/sysctl.o
  CC      fs/notify/notification.o
  CC      drivers/ata/libata-pmp.o
  CC      fs/nfs/nfs2super.o
  CC      fs/notify/group.o
  CC      fs/notify/inode_mark.o
  CC      drivers/ata/ahci_platform.o
  CC      fs/nfs/proc.o
  CC      drivers/ata/libahci.o
  CC      fs/notify/mark.o
  CC      fs/nfs/nfs2xdr.o
  CC      fs/notify/vfsmount_mark.o
  CC      fs/notify/fdinfo.o
  CC      drivers/ata/libahci_platform.o
  CC      fs/notify/dnotify/dnotify.o
  CC      fs/nfs/nfs3super.o
  CC      drivers/ata/ahci_imx.o
  LD      fs/notify/dnotify/built-in.o
  LD      fs/notify/fanotify/built-in.o
  CC      fs/notify/inotify/inotify_fsnotify.o
  CC      fs/notify/inotify/inotify_user.o
  CC      fs/nfs/nfs3client.o
  CC      drivers/ata/pata_imx.o
  LD      fs/notify/inotify/built-in.o
  LD      fs/notify/built-in.o
  CC      sound/sound_core.o
  CC      fs/nfs/nfs3proc.o
  LD      sound/arm/built-in.o
  LD      sound/atmel/built-in.o
  LD      drivers/ata/libata.o
  CC      sound/core/sound.o
  LD      drivers/ata/built-in.o
  CC      drivers/base/component.o
  CC      drivers/base/core.o
  CC      fs/nfs/nfs3xdr.o
  CC      sound/core/init.o
  CC      sound/core/memory.o
  CC      sound/core/info.o
  CC      fs/nfs/nfs3acl.o
  CC      sound/core/control.o
  CC      drivers/base/bus.o
  CC      drivers/base/dd.o
  CC      fs/nfs/nfs4proc.o
  CC      drivers/base/syscore.o
  CC      drivers/base/driver.o
  CC      sound/core/misc.o
  CC      drivers/base/class.o
  CC      sound/core/device.o
  CC      sound/core/jack.o
  CC      drivers/base/platform.o
  CC      sound/core/timer.o
  CC      drivers/base/cpu.o
  CC      sound/core/pcm.o
  CC      drivers/base/firmware.o
  CC      drivers/base/init.o
  CC      drivers/base/map.o
  CC      drivers/base/devres.o
  CC      sound/core/pcm_native.o
  CC      drivers/base/attribute_container.o
  CC      drivers/base/transport_class.o
  CC      fs/nfs/nfs4xdr.o
  CC      drivers/base/topology.o
  CC      drivers/base/container.o
  CC      drivers/base/property.o
  CC      drivers/base/cacheinfo.o
  CC      sound/core/pcm_lib.o
  CC      drivers/base/devtmpfs.o
  CC      drivers/base/dma-contiguous.o
  CC      fs/nfs/nfs4state.o
  CC      drivers/base/power/sysfs.o
  CC      drivers/base/power/generic_ops.o
  CC      sound/core/pcm_timer.o
  CC      drivers/base/power/common.o
  CC      sound/core/pcm_misc.o
  CC      fs/nfs/nfs4renewd.o
  CC      drivers/base/power/qos.o
  CC      fs/nfs/nfs4super.o
  CC      sound/core/pcm_memory.o
  CC      sound/core/memalloc.o
  CC      drivers/base/power/runtime.o
  CC      fs/nfs/nfs4file.o
  CC      sound/core/pcm_dmaengine.o
  CC      drivers/base/power/main.o
  CC      fs/nfs/delegation.o
  CC      sound/core/compress_offload.o
  CC      drivers/base/power/wakeup.o
  CC      fs/nfs/nfs4idmap.o
  LD      sound/core/snd.o
  LD      sound/core/snd-timer.o
  LD      sound/core/snd-pcm.o
  LD      sound/core/snd-pcm-dmaengine.o
  LD      sound/core/snd-compress.o
  LD      sound/core/built-in.o
  LD      sound/drivers/mpu401/built-in.o
  LD      sound/drivers/opl3/built-in.o
  LD      sound/drivers/opl4/built-in.o
  LD      sound/drivers/pcsp/built-in.o
  LD      sound/drivers/vx/built-in.o
  LD      sound/drivers/built-in.o
  LD      sound/firewire/built-in.o
  LD      sound/hda/built-in.o
  LD      sound/i2c/other/built-in.o
  LD      sound/i2c/built-in.o
  LD      sound/isa/ad1816a/built-in.o
  LD      sound/isa/ad1848/built-in.o
  LD      sound/isa/cs423x/built-in.o
  LD      sound/isa/es1688/built-in.o
  CC      drivers/base/power/opp.o
  LD      sound/isa/galaxy/built-in.o
  LD      sound/isa/gus/built-in.o
  LD      sound/isa/msnd/built-in.o
  LD      sound/isa/opti9xx/built-in.o
  LD      sound/isa/sb/built-in.o
  LD      sound/isa/wavefront/built-in.o
  LD      sound/isa/wss/built-in.o
  LD      sound/isa/built-in.o
  LD      sound/mips/built-in.o
  LD      sound/parisc/built-in.o
  LD      sound/pci/ac97/built-in.o
  LD      sound/pci/ali5451/built-in.o
  LD      sound/pci/asihpi/built-in.o
  LD      sound/pci/au88x0/built-in.o
  LD      sound/pci/aw2/built-in.o
  LD      sound/pci/ca0106/built-in.o
  LD      sound/pci/cs46xx/built-in.o
  LD      sound/pci/cs5535audio/built-in.o
  LD      sound/pci/ctxfi/built-in.o
  LD      sound/pci/echoaudio/built-in.o
  LD      sound/pci/emu10k1/built-in.o
  LD      sound/pci/hda/built-in.o
  LD      sound/pci/ice1712/built-in.o
  LD      sound/pci/korg1212/built-in.o
  LD      sound/pci/lola/built-in.o
  LD      sound/pci/lx6464es/built-in.o
  LD      sound/pci/mixart/built-in.o
  LD      sound/pci/nm256/built-in.o
  LD      sound/pci/oxygen/built-in.o
  LD      sound/pci/pcxhr/built-in.o
  LD      sound/pci/riptide/built-in.o
  LD      sound/pci/rme9652/built-in.o
  LD      sound/pci/trident/built-in.o
  LD      sound/pci/vx222/built-in.o
  LD      sound/pci/ymfpci/built-in.o
  LD      sound/pci/built-in.o
  LD      sound/pcmcia/pdaudiocf/built-in.o
  LD      sound/pcmcia/vx/built-in.o
  LD      sound/pcmcia/built-in.o
  LD      sound/ppc/built-in.o
  LD      sound/sh/built-in.o
  CC      sound/soc/soc-core.o
  CC      drivers/base/power/domain.o
  CC      fs/nfs/callback.o
  CC      fs/nfs/callback_xdr.o
  CC      fs/nfs/callback_proc.o
  CC      drivers/base/power/domain_governor.o
  CC      sound/soc/soc-dapm.o
  CC      drivers/base/power/clock_ops.o
  LD      drivers/base/power/built-in.o
  CC      drivers/base/regmap/regmap.o
  CC      fs/nfs/nfs4namespace.o
  CC      drivers/base/regmap/regcache.o
  CC      fs/nfs/nfs4getroot.o
  CC      drivers/base/regmap/regcache-rbtree.o
  CC      drivers/base/regmap/regcache-lzo.o
  CC      fs/nfs/nfs4client.o
  CC      drivers/base/regmap/regcache-flat.o
  CC      sound/soc/soc-jack.o
  CC      drivers/base/regmap/regmap-debugfs.o
  CC      sound/soc/soc-cache.o
  CC      sound/soc/soc-utils.o
  CC      drivers/base/regmap/regmap-i2c.o
  CC      sound/soc/soc-pcm.o
  CC      drivers/base/regmap/regmap-spi.o
  CC      fs/nfs/nfs4session.o
  CC      drivers/base/regmap/regmap-mmio.o
  CC      fs/nfs/dns_resolve.o
  LD      drivers/base/regmap/built-in.o
  CC      drivers/base/dma-mapping.o
  CC      fs/nfs/nfs4trace.o
  CC      drivers/base/dma-coherent.o
  CC      fs/nfs/nfs4sysctl.o
  CC      sound/soc/soc-compress.o
  CC      fs/nfs/pnfs.o
  CC      drivers/base/firmware_class.o
  CC      sound/soc/soc-io.o
  CC      sound/soc/soc-devres.o
  CC      sound/soc/soc-ops.o
  CC      drivers/base/module.o
  CC      drivers/base/soc.o
  CC      sound/soc/soc-generic-dmaengine-pcm.o
  CC      drivers/base/pinctrl.o
  LD      drivers/base/built-in.o
  CC      drivers/block/brd.o
  CC      fs/nfs/pnfs_dev.o
  LD      sound/soc/adi/built-in.o
  LD      sound/soc/atmel/built-in.o
  LD      sound/soc/au1x/built-in.o
  LD      sound/soc/bcm/built-in.o
  LD      sound/soc/blackfin/built-in.o
  LD      sound/soc/cirrus/built-in.o
  CC      sound/soc/codecs/hdmi.o
  CC      sound/soc/codecs/sgtl5000.o
  CC      drivers/block/loop.o
  LD      sound/soc/codecs/snd-soc-hdmi-codec.o
  LD      sound/soc/codecs/snd-soc-sgtl5000.o
  LD      sound/soc/codecs/built-in.o
  LD      sound/soc/davinci/built-in.o
  LD      sound/soc/dwc/built-in.o
  CC      fs/nfs/pnfs_nfs.o
  CC      sound/soc/fsl/fsl_ssi.o
  CC      sound/soc/fsl/fsl_ssi_dbg.o
  CC      sound/soc/fsl/fsl_spdif.o
  LD      drivers/block/built-in.o
  LD      drivers/bluetooth/built-in.o
  CC      drivers/bus/arm-cci.o
  CC      fs/nfs/nfs42proc.o
  LD      drivers/bus/built-in.o
  CC      sound/soc/fsl/fsl_hdmi.o
  LD      drivers/cdrom/built-in.o
  CC      drivers/char/mem.o
  CC      drivers/char/random.o
  CC      fs/nfs/filelayout/filelayout.o
  CC      sound/soc/fsl/imx-audmux.o
  CC      sound/soc/fsl/imx-pcm-dma.o
  CC      drivers/char/misc.o
  CC      sound/soc/fsl/imx-hdmi-dma.o
  CC      fs/nfs/filelayout/filelayoutdev.o
  LD      drivers/char/agp/built-in.o
  CC      drivers/char/hw_random/core.o
  AS      sound/soc/fsl/hdmi_pcm.o
  CC      sound/soc/fsl/imx-sgtl5000.o
  LD      fs/nfs/filelayout/nfs_layout_nfsv41_files.o
  CC      sound/soc/fsl/imx-spdif.o
  LD      fs/nfs/filelayout/built-in.o
  LD      fs/nfs/flexfilelayout/built-in.o
  LD      fs/nfs/nfs.o
  LD      fs/nfs/nfsv2.o
  LD      fs/nfs/nfsv3.o
  LD      fs/nfs/nfsv4.o
  LD      drivers/char/hw_random/rng-core.o
  LD      drivers/char/hw_random/built-in.o
  LD      drivers/char/built-in.o
  LD      fs/nfs/built-in.o
  CC      drivers/clk/clk-devres.o
  CC      fs/ntfs/aops.o
  CC      drivers/clk/clkdev.o
  CC      sound/soc/fsl/imx-hdmi.o
  LD      sound/soc/fsl/snd-soc-fsl-ssi.o
  LD      sound/soc/fsl/snd-soc-fsl-spdif.o
  LD      sound/soc/fsl/snd-soc-fsl-hdmi.o
  LD      sound/soc/fsl/snd-soc-imx-audmux.o
  LD      sound/soc/fsl/snd-soc-imx-sgtl5000.o
  LD      sound/soc/fsl/snd-soc-imx-spdif.o
  LD      sound/soc/fsl/snd-soc-imx-hdmi.o
  LD      sound/soc/fsl/built-in.o
  CC      drivers/clk/clk.o
  LD      sound/soc/generic/built-in.o
  LD      sound/soc/intel/built-in.o
  LD      sound/soc/jz4740/built-in.o
  LD      sound/soc/kirkwood/built-in.o
  LD      sound/soc/mxs/built-in.o
  LD      sound/soc/nuc900/built-in.o
  LD      sound/soc/omap/built-in.o
  LD      sound/soc/pxa/built-in.o
  LD      sound/soc/qcom/built-in.o
  LD      sound/soc/rockchip/built-in.o
  LD      sound/soc/samsung/built-in.o
  LD      sound/soc/sh/built-in.o
  LD      sound/soc/sirf/built-in.o
  LD      sound/soc/spear/built-in.o
  LD      sound/soc/tegra/built-in.o
  LD      sound/soc/txx9/built-in.o
  LD      sound/soc/ux500/built-in.o
  LD      sound/soc/xtensa/built-in.o
  LD      sound/soc/snd-soc-core.o
  LD      sound/soc/built-in.o
  LD      sound/sparc/built-in.o
  LD      sound/spi/built-in.o
  LD      sound/synth/built-in.o
  LD      sound/usb/6fire/built-in.o
  LD      sound/usb/bcd2000/built-in.o
  LD      sound/usb/caiaq/built-in.o
  LD      sound/usb/hiface/built-in.o
  LD      sound/usb/misc/built-in.o
  LD      sound/usb/usx2y/built-in.o
  LD      sound/usb/built-in.o
  CC      sound/last.o
  CC      fs/ntfs/attrib.o
  LD      sound/soundcore.o
  LD      sound/built-in.o
  CC      fs/ntfs/collate.o
  CC      drivers/clocksource/clksrc-of.o
  CC      drivers/clocksource/mmio.o
  CC      fs/ntfs/compress.o
  CC      drivers/clocksource/dummy_timer.o
  LD      drivers/clocksource/built-in.o
  CC      fs/ntfs/debug.o
  CC      drivers/clk/clk-divider.o
  CC      fs/overlayfs/super.o
  CC      drivers/clk/clk-fixed-factor.o
  CC      fs/ntfs/dir.o
  CC      drivers/clk/clk-fixed-rate.o
  CC      drivers/clk/clk-gate.o
  CC      fs/overlayfs/inode.o
  CC      drivers/clk/clk-mux.o
  CC      drivers/clk/clk-composite.o
  CC      fs/ntfs/file.o
  CC      fs/overlayfs/dir.o
  CC      drivers/clk/clk-fractional-divider.o
  CC      fs/overlayfs/readdir.o
  CC      drivers/clk/clk-gpio-gate.o
  CC      fs/overlayfs/copy_up.o
  CC      drivers/clk/clk-conf.o
  LD      drivers/clk/built-in.o
  CC      fs/ntfs/index.o
  CC      drivers/connector/cn_queue.o
  LD      fs/overlayfs/overlay.o
  LD      fs/overlayfs/built-in.o
  CC      fs/ntfs/inode.o
  CC      drivers/connector/connector.o
  CC      drivers/connector/cn_proc.o
  MK_FW   firmware/imx/sdma/sdma-imx6q.bin.gen.S
  IHEX    firmware/imx/sdma/sdma-imx6q.bin
  MK_FW   firmware/imx/sdma/sdma-imx7d.bin.gen.S
  IHEX    firmware/imx/sdma/sdma-imx7d.bin
  AS      firmware/imx/sdma/sdma-imx6q.bin.gen.o
  AS      firmware/imx/sdma/sdma-imx7d.bin.gen.o
  LD      firmware/built-in.o
  CC      drivers/cpufreq/cpufreq.o
  LD      drivers/connector/cn.o
  LD      drivers/connector/built-in.o
  CC      net/socket.o
  CC      fs/ntfs/mft.o
  CC      fs/ntfs/mst.o
  CC      drivers/cpufreq/freq_table.o
  CC      drivers/cpufreq/cpufreq_opp.o
  CC      fs/ntfs/namei.o
  CC      drivers/cpufreq/cpufreq_stats.o
  CC      drivers/cpufreq/cpufreq_performance.o
  LD      net/802/built-in.o
  LD      net/bluetooth/built-in.o
  CC      drivers/cpufreq/cpufreq_powersave.o
  LD      net/bluetooth/bnep/built-in.o
  LD      net/bluetooth/hidp/built-in.o
  LD      net/bluetooth/rfcomm/built-in.o
  CC      net/can/af_can.o
  CC      fs/ntfs/runlist.o
  CC      drivers/cpufreq/cpufreq_userspace.o
  CC      drivers/cpufreq/cpufreq_ondemand.o
  CC      fs/ntfs/super.o
  CC      drivers/cpufreq/cpufreq_conservative.o
  CC      net/can/proc.o
  CC      drivers/cpufreq/cpufreq_interactive.o
  CC      drivers/cpufreq/cpufreq_governor.o
  CC      net/can/raw.o
  CC      drivers/cpufreq/imx6q-cpufreq.o
  CC      net/can/bcm.o
  CC      fs/ntfs/sysctl.o
  CC      fs/ntfs/unistr.o
  LD      drivers/cpufreq/built-in.o
  CC      drivers/cpuidle/cpuidle.o
  CC      fs/ntfs/upcase.o
  CC      net/can/gw.o
  CC      fs/ntfs/bitmap.o
  CC      drivers/cpuidle/driver.o
  CC      fs/ntfs/lcnalloc.o
  LD      net/can/can.o
  LD      net/can/can-raw.o
  LD      net/can/can-bcm.o
  LD      net/can/can-gw.o
  LD      net/can/built-in.o
  CC      net/core/sock.o
  CC      drivers/cpuidle/governor.o
  CC      drivers/cpuidle/sysfs.o
  CC      drivers/cpuidle/governors/ladder.o
  CC      fs/ntfs/logfile.o
  CC      drivers/cpuidle/governors/menu.o
  LD      drivers/cpuidle/governors/built-in.o
  LD      drivers/cpuidle/built-in.o
  CC      drivers/crypto/caam/ctrl.o
  CC      fs/ntfs/quota.o
  CC      fs/ntfs/usnjrnl.o
  LD      fs/ntfs/ntfs.o
  LD      fs/ntfs/built-in.o
  CC      fs/proc/task_mmu.o
  CC      drivers/crypto/caam/jr.o
  CC      net/core/request_sock.o
  CC      fs/proc/inode.o
  CC      net/core/skbuff.o
  CC      drivers/crypto/caam/key_gen.o
  CC      fs/proc/root.o
  CC      fs/proc/base.o
  CC      drivers/crypto/caam/error.o
  CC      drivers/crypto/caam/caamalg.o
  CC      fs/proc/generic.o
  CC      fs/proc/array.o
  CC      net/core/datagram.o
  CC      drivers/crypto/caam/caamhash.o
  CC      fs/proc/fd.o
  CC      fs/proc/proc_tty.o
  CC      fs/proc/cmdline.o
  CC      net/core/stream.o
  CC      fs/proc/consoles.o
  CC      drivers/crypto/caam/caamrng.o
  CC      fs/proc/cpuinfo.o
  CC      fs/proc/devices.o
  CC      fs/proc/interrupts.o
  CC      drivers/crypto/caam/sm_store.o
  CC      net/core/scm.o
  CC      fs/proc/loadavg.o
  CC      fs/proc/meminfo.o
  CC      net/core/gen_stats.o
  CC      fs/proc/stat.o
  CC      drivers/crypto/caam/secvio.o
  CC      fs/proc/uptime.o
  CC      net/core/gen_estimator.o
  CC      fs/proc/version.o
  CC      fs/proc/softirqs.o
  CC      net/core/net_namespace.o
  CC      fs/proc/namespaces.o
  LD      drivers/crypto/caam/caam.o
  LD      drivers/crypto/caam/caam_jr.o
  LD      drivers/crypto/caam/built-in.o
  LD      drivers/crypto/built-in.o
  CC      drivers/dma/dmaengine.o
  CC      fs/proc/self.o
  CC      fs/proc/thread_self.o
  CC      drivers/dma/virt-dma.o
  CC      net/core/secure_seq.o
  CC      fs/proc/proc_sysctl.o
  CC      net/core/flow_dissector.o
  CC      drivers/dma/of-dma.o
  CC      drivers/dma/pxp/pxp_dma_v2.o
  CC      fs/proc/proc_net.o
  CC      net/core/sysctl_net_core.o
  CC      drivers/dma/pxp/pxp_device.o
  CC      fs/proc/kmsg.o
  CC      fs/proc/page.o
  LD      fs/proc/proc.o
  LD      fs/proc/built-in.o
  CC      fs/quota/dquot.o
  LD      drivers/dma/pxp/built-in.o
  LD      drivers/dma/xilinx/built-in.o
  CC      drivers/dma/imx-sdma.o
  CC      net/core/dev.o
  CC      fs/quota/quota.o
  LD      drivers/dma/built-in.o
  CC      drivers/dma-buf/dma-buf.o
  CC      fs/quota/kqid.o
  CC      fs/quota/netlink.o
  CC      drivers/dma-buf/fence.o
  LD      fs/quota/built-in.o
  CC      fs/ramfs/inode.o
  CC      drivers/dma-buf/reservation.o
  CC      fs/ramfs/file-mmu.o
  CC      drivers/dma-buf/seqno-fence.o
  LD      fs/ramfs/ramfs.o
  LD      fs/ramfs/built-in.o
  LD      fs/squashfs/built-in.o
  CC      fs/sysfs/file.o
  CC      net/core/ethtool.o
  LD      drivers/dma-buf/built-in.o
  LD      drivers/firewire/built-in.o
  LD      drivers/firmware/built-in.o
  CC      drivers/gpio/devres.o
  CC      fs/sysfs/dir.o
  CC      fs/sysfs/symlink.o
  CC      drivers/gpio/gpiolib.o
  CC      fs/sysfs/mount.o
  CC      fs/sysfs/group.o
  LD      fs/sysfs/built-in.o
  LD      fs/udf/built-in.o
  CC      fs/eventpoll.o
  CC      drivers/gpio/gpiolib-legacy.o
  CC      net/core/dev_addr_lists.o
  CC      fs/anon_inodes.o
  CC      drivers/gpio/gpiolib-of.o
  CC      fs/signalfd.o
  CC      drivers/gpio/gpiolib-sysfs.o
  CC      fs/timerfd.o
  CC      net/core/dst.o
  CC      drivers/gpio/gpio-generic.o
  CC      net/core/netevent.o
  CC      fs/eventfd.o
  CC      drivers/gpio/gpio-mxc.o
  LD      drivers/gpio/built-in.o
  CC      drivers/gpu/drm/drm_auth.o
  CC      net/core/neighbour.o
  CC      fs/aio.o
  CC      drivers/gpu/drm/drm_bufs.o
  CC      fs/locks.o
  CC      net/core/rtnetlink.o
  CC      drivers/gpu/drm/drm_cache.o
  CC      drivers/gpu/drm/drm_context.o
  CC      drivers/gpu/drm/drm_dma.o
  CC      fs/binfmt_script.o
  CC      fs/binfmt_elf.o
  CC      drivers/gpu/drm/drm_fops.o
  CC      net/core/utils.o
  CC      drivers/gpu/drm/drm_gem.o
  CC      fs/mbcache.o
  CC      net/core/link_watch.o
  CC      fs/posix_acl.o
  CC      drivers/gpu/drm/drm_ioctl.o
  CC      fs/coredump.o
  CC      net/core/filter.o
  CC      drivers/gpu/drm/drm_irq.o
  CC      fs/drop_caches.o
  CC      fs/fhandle.o
  CC      net/core/sock_diag.o
  CC      drivers/gpu/drm/drm_lock.o
  LD      fs/built-in.o
  CC      drivers/gpu/vga/vgaarb.o
  CC      net/core/dev_ioctl.o
  CC      drivers/gpu/drm/drm_memory.o
  LD      drivers/gpu/vga/built-in.o
  CC      net/core/tso.o
  CC      drivers/hid/hid-core.o
  CC      drivers/gpu/drm/drm_drv.o
  CC      net/core/flow.o
  CC      drivers/gpu/drm/drm_vm.o
  CC      drivers/gpu/drm/drm_agpsupport.o
  CC      net/core/net-sysfs.o
  CC      drivers/gpu/drm/drm_scatter.o
  CC      drivers/hid/hid-input.o
  CC      drivers/gpu/drm/drm_pci.o
  CC      drivers/gpu/drm/drm_platform.o
  CC      drivers/gpu/drm/drm_sysfs.o
  CC      net/core/net-procfs.o
  CC      drivers/hid/hid-debug.o
  CC      net/core/ptp_classifier.o
  CC      drivers/gpu/drm/drm_hashtab.o
  LD      net/core/built-in.o
  CC      net/dns_resolver/dns_key.o
  CC      drivers/hid/hidraw.o
  CC      net/dns_resolver/dns_query.o
  CC      drivers/gpu/drm/drm_mm.o
  CC      drivers/hid/hid-generic.o
  LD      net/dns_resolver/dns_resolver.o
  LD      net/dns_resolver/built-in.o
  CC      net/ethernet/eth.o
  CC      drivers/hid/usbhid/hid-core.o
  CC      drivers/gpu/drm/drm_crtc.o
  LD      net/ethernet/built-in.o
  CC      net/ipv4/route.o
  CC      drivers/hid/usbhid/hid-quirks.o
  CC      drivers/hid/usbhid/hiddev.o
  LD      drivers/hid/usbhid/usbhid.o
  LD      drivers/hid/usbhid/built-in.o
  LD      drivers/hid/hid.o
  LD      drivers/hid/built-in.o
  CC      drivers/gpu/drm/drm_modes.o
  CC      arch/arm/lib/uaccess_with_memcpy.o
  AS      arch/arm/lib/ashldi3.o
  AS      arch/arm/lib/ashrdi3.o
  AS      arch/arm/lib/backtrace.o
  CC      net/ipv4/inetpeer.o
  AS      arch/arm/lib/bswapsdi2.o
  AS      arch/arm/lib/call_with_stack.o
  AS      arch/arm/lib/changebit.o
  AS      arch/arm/lib/clear_user.o
  AS      arch/arm/lib/clearbit.o
  AS      arch/arm/lib/copy_from_user.o
  AS      arch/arm/lib/copy_page.o
  AS      arch/arm/lib/copy_to_user.o
  AS      arch/arm/lib/csumipv6.o
  AS      arch/arm/lib/csumpartial.o
  AS      arch/arm/lib/csumpartialcopy.o
  AS      arch/arm/lib/csumpartialcopyuser.o
  AS      arch/arm/lib/delay-loop.o
  CC      arch/arm/lib/delay.o
  CC      drivers/gpu/drm/drm_edid.o
  AS      arch/arm/lib/div64.o
  AS      arch/arm/lib/findbit.o
  AS      arch/arm/lib/getuser.o
  AS      arch/arm/lib/io-readsb.o
  AS      arch/arm/lib/io-readsl.o
  AS      arch/arm/lib/io-readsw-armv4.o
  AS      arch/arm/lib/io-writesb.o
  AS      arch/arm/lib/io-writesl.o
  AS      arch/arm/lib/io-writesw-armv4.o
  AS      arch/arm/lib/lib1funcs.o
  AS      arch/arm/lib/lshrdi3.o
  AS      arch/arm/lib/memchr.o
  AS      arch/arm/lib/memcpy.o
  AS      arch/arm/lib/memmove.o
  AS      arch/arm/lib/memset.o
  AS      arch/arm/lib/memzero.o
  AS      arch/arm/lib/muldi3.o
  AS      arch/arm/lib/putuser.o
  AS      arch/arm/lib/setbit.o
  AS      arch/arm/lib/strchr.o
  AS      arch/arm/lib/strrchr.o
  AS      arch/arm/lib/testchangebit.o
  CC      net/ipv4/protocol.o
  AS      arch/arm/lib/testclearbit.o
  AS      arch/arm/lib/testsetbit.o
  AS      arch/arm/lib/ucmpdi2.o
  LD      arch/arm/lib/built-in.o
  AR      arch/arm/lib/lib.a
  CC      net/ipv4/ip_input.o
  CC      net/ipv6/af_inet6.o
  CC      net/ipv4/ip_fragment.o
  CC      drivers/gpu/drm/drm_info.o
  CC      drivers/gpu/drm/drm_debugfs.o
  CC      net/ipv6/anycast.o
  CC      net/ipv4/ip_forward.o
  CC      net/ipv4/ip_options.o
  CC      drivers/gpu/drm/drm_encoder_slave.o
  CC      net/ipv6/ip6_output.o
  CC      drivers/gpu/drm/drm_trace_points.o
  CC      drivers/gpu/drm/drm_global.o
  CC      net/ipv4/ip_output.o
  CC      drivers/gpu/drm/drm_prime.o
  CC      drivers/gpu/drm/drm_rect.o
  CC      net/ipv6/ip6_input.o
  CC      net/ipv4/ip_sockglue.o
  CC      drivers/gpu/drm/drm_vma_manager.o
  CC      net/ipv6/addrconf.o
  CC      net/ipv4/inet_hashtables.o
  CC      drivers/gpu/drm/drm_flip_work.o
  CC      drivers/gpu/drm/drm_modeset_lock.o
  CC      net/ipv4/inet_timewait_sock.o
  CC      drivers/gpu/drm/drm_atomic.o
  CC      net/ipv4/inet_connection_sock.o
  CC      net/ipv6/addrlabel.o
  CC      drivers/gpu/drm/drm_bridge.o
  CC      net/ipv6/route.o
  CC      drivers/gpu/drm/ati_pcigart.o
  CC      net/ipv4/tcp.o
  CC      drivers/gpu/drm/drm_of.o
  LD      drivers/gpu/drm/bridge/built-in.o
  LD      drivers/gpu/drm/i2c/built-in.o
  LD      drivers/gpu/drm/panel/built-in.o
  CC      drivers/gpu/drm/vivante/vivante_drv.o
  CC      net/ipv4/tcp_input.o
  LD      drivers/gpu/drm/vivante/vivante.o
  LD      drivers/gpu/drm/vivante/built-in.o
  LD      drivers/gpu/drm/drm.o
  LD      drivers/gpu/drm/built-in.o
  LD      drivers/gpu/built-in.o
  LD      drivers/hsi/clients/built-in.o
  LD      drivers/hsi/controllers/built-in.o
  LD      drivers/hsi/built-in.o
  CC      drivers/hwmon/hwmon.o
  CC      net/ipv6/ip6_fib.o
  CC      drivers/hwmon/mag3110.o
  CC      drivers/hwmon/mxc_mma8451.o
  CC      net/ipv6/ipv6_sockglue.o
  LD      drivers/hwmon/built-in.o
  CC      drivers/i2c/i2c-boardinfo.o
  CC      drivers/i2c/i2c-core.o
  CC      net/ipv4/tcp_output.o
  CC      net/ipv6/ndisc.o
  CC      drivers/i2c/i2c-dev.o
  CC      net/ipv4/tcp_timer.o
  CC      drivers/i2c/i2c-mux.o
  CC      net/ipv6/udp.o
  CC      drivers/i2c/algos/i2c-algo-bit.o
  LD      drivers/i2c/algos/built-in.o
  CC      drivers/i2c/busses/i2c-gpio.o
  CC      net/ipv4/tcp_ipv4.o
  CC      drivers/i2c/busses/i2c-imx.o
  CC      net/ipv6/udplite.o
  CC      net/ipv6/raw.o
  LD      drivers/i2c/busses/built-in.o
  CC      drivers/i2c/muxes/i2c-mux-gpio.o
  LD      drivers/i2c/muxes/built-in.o
  LD      drivers/i2c/built-in.o
  LD      drivers/idle/built-in.o
  CC      drivers/iio/industrialio-core.o
  CC      net/ipv6/icmp.o
  CC      net/ipv4/tcp_minisocks.o
  CC      net/ipv6/mcast.o
  CC      drivers/iio/industrialio-event.o
  CC      drivers/iio/inkern.o
  CC      net/ipv4/tcp_cong.o
  LD      drivers/iio/accel/built-in.o
  LD      drivers/iio/adc/built-in.o
  LD      drivers/iio/amplifiers/built-in.o
  LD      drivers/iio/common/hid-sensors/built-in.o
  LD      drivers/iio/common/ssp_sensors/built-in.o
  LD      drivers/iio/common/st_sensors/built-in.o
  LD      drivers/iio/common/built-in.o
  LD      drivers/iio/dac/built-in.o
  LD      drivers/iio/frequency/built-in.o
  LD      drivers/iio/gyro/built-in.o
  LD      drivers/iio/humidity/built-in.o
  LD      drivers/iio/imu/inv_mpu6050/built-in.o
  LD      drivers/iio/imu/built-in.o
  LD      drivers/iio/light/built-in.o
  LD      drivers/iio/magnetometer/built-in.o
  LD      drivers/iio/orientation/built-in.o
  LD      drivers/iio/pressure/built-in.o
  LD      drivers/iio/proximity/built-in.o
  LD      drivers/iio/temperature/built-in.o
  LD      drivers/iio/trigger/built-in.o
  LD      drivers/iio/industrialio.o
  LD      drivers/iio/built-in.o
  CC      drivers/input/input.o
  CC      net/ipv4/tcp_metrics.o
  CC      net/ipv6/reassembly.o
  CC      net/ipv4/tcp_fastopen.o
  CC      drivers/input/input-compat.o
  CC      drivers/input/input-mt.o
  CC      drivers/input/ff-core.o
  CC      net/ipv6/tcp_ipv6.o
  CC      net/ipv4/tcp_offload.o
  CC      drivers/input/input-polldev.o
  CC      drivers/input/matrix-keymap.o
  CC      net/ipv4/datagram.o
  CC      drivers/input/mousedev.o
  CC      net/ipv6/ping.o
  CC      net/ipv4/raw.o
  CC      drivers/input/evdev.o
  CC      net/ipv6/exthdrs.o
  CC      net/ipv4/udp.o
  CC      drivers/input/keyboard/atkbd.o
  CC      net/ipv6/datagram.o
  CC      drivers/input/keyboard/gpio_keys.o
  CC      net/ipv4/udplite.o
  CC      drivers/input/keyboard/imx_keypad.o
  CC      net/ipv4/udp_offload.o
  CC      net/ipv6/ip6_flowlabel.o
  LD      drivers/input/keyboard/built-in.o
  CC      drivers/input/misc/uinput.o
  LD      drivers/input/misc/built-in.o
  LD      drivers/input/mouse/built-in.o
  CC      drivers/input/touchscreen/of_touchscreen.o
  CC      net/ipv6/inet6_connection_sock.o
  CC      net/ipv4/arp.o
  CC      drivers/input/touchscreen/stmpe-ts.o
  CC      drivers/input/touchscreen/vtl/vtl_ts.o
  CC      net/ipv6/sysctl_net_ipv6.o
  LD      drivers/input/touchscreen/vtl/built-in.o
  LD      drivers/input/touchscreen/built-in.o
  LD      drivers/input/input-core.o
  LD      drivers/input/built-in.o
  CC      drivers/input/serio/serio.o
  CC      net/ipv4/icmp.o
  CC      net/ipv6/xfrm6_policy.o
  CC      drivers/input/serio/libps2.o
  CC      net/ipv4/devinet.o
  CC      net/ipv6/xfrm6_state.o
  LD      drivers/input/serio/built-in.o
  CC      drivers/irqchip/irqchip.o
  CC      drivers/irqchip/irq-gic.o
  CC      net/ipv6/xfrm6_input.o
  CC      drivers/irqchip/irq-gic-common.o
  LD      drivers/irqchip/built-in.o
  CC      drivers/leds/led-core.o
  CC      net/ipv6/xfrm6_output.o
  CC      drivers/leds/led-class.o
  CC      net/ipv4/af_inet.o
  CC      drivers/leds/leds-gpio.o
  CC      drivers/leds/leds-pwm.o
  CC      net/ipv6/xfrm6_protocol.o
  LD      drivers/leds/built-in.o
  LD      drivers/lguest/built-in.o
  LD      drivers/macintosh/built-in.o
  LD      drivers/media/common/b2c2/built-in.o
  LD      drivers/media/common/saa7146/built-in.o
  LD      drivers/media/common/siano/built-in.o
  LD      drivers/media/common/built-in.o
  LD      drivers/media/firewire/built-in.o
  LD      drivers/media/i2c/soc_camera/built-in.o
  LD      drivers/media/i2c/built-in.o
  LD      drivers/media/mmc/siano/built-in.o
  LD      drivers/media/mmc/built-in.o
  LD      drivers/media/pci/b2c2/built-in.o
  LD      drivers/media/pci/ddbridge/built-in.o
  LD      drivers/media/pci/dm1105/built-in.o
  LD      drivers/media/pci/mantis/built-in.o
  LD      drivers/media/pci/ngene/built-in.o
  LD      drivers/media/pci/pluto2/built-in.o
  LD      drivers/media/pci/pt1/built-in.o
  LD      drivers/media/pci/pt3/built-in.o
  LD      drivers/media/pci/saa7146/built-in.o
  LD      drivers/media/pci/smipcie/built-in.o
  LD      drivers/media/pci/ttpci/built-in.o
  LD      drivers/media/pci/built-in.o
  LD      drivers/media/platform/mxc/capture/built-in.o
  CC      drivers/media/platform/mxc/output/mxc_vout.o
  CC      net/ipv6/netfilter.o
  CC      net/ipv4/igmp.o
  CC      net/ipv6/proc.o
  CC      drivers/media/platform/mxc/output/mxc_pxp_v4l2.o
  LD      drivers/media/platform/mxc/output/built-in.o
  LD      drivers/media/platform/mxc/subdev/built-in.o
  LD      drivers/media/platform/omap/built-in.o
  CC      drivers/media/platform/soc_camera/soc_camera.o
  CC      net/ipv6/xfrm6_mode_transport.o
  CC      net/ipv4/fib_frontend.o
  CC      net/ipv6/xfrm6_mode_tunnel.o
  CC      drivers/media/platform/soc_camera/soc_mediabus.o
  CC      net/ipv6/xfrm6_mode_beet.o
  LD      drivers/media/platform/soc_camera/built-in.o
  LD      drivers/media/platform/built-in.o
  LD      drivers/media/radio/built-in.o
  LD      drivers/media/rc/keymaps/built-in.o
  LD      drivers/media/rc/built-in.o
  LD      drivers/media/tuners/built-in.o
  LD      drivers/media/usb/b2c2/built-in.o
  LD      drivers/media/usb/dvb-usb/built-in.o
  LD      drivers/media/usb/dvb-usb-v2/built-in.o
  LD      drivers/media/usb/gspca/built-in.o
  LD      drivers/media/usb/s2255/built-in.o
  LD      drivers/media/usb/siano/built-in.o
  LD      drivers/media/usb/stkwebcam/built-in.o
  LD      drivers/media/usb/ttusb-budget/built-in.o
  LD      drivers/media/usb/ttusb-dec/built-in.o
  LD      drivers/media/usb/uvc/built-in.o
  LD      drivers/media/usb/zr364xx/built-in.o
  LD      drivers/media/usb/built-in.o
  CC      drivers/media/v4l2-core/v4l2-dev.o
  CC      net/ipv4/fib_semantics.o
  LD      net/ipv6/netfilter/built-in.o
  CC      net/ipv6/addrconf_core.o
  CC      drivers/media/v4l2-core/v4l2-ioctl.o
  CC      net/ipv6/exthdrs_core.o
  CC      net/ipv4/fib_trie.o
  CC      drivers/media/v4l2-core/v4l2-device.o
  CC      net/ipv6/ip6_checksum.o
  CC      drivers/media/v4l2-core/v4l2-fh.o
  CC      drivers/media/v4l2-core/v4l2-event.o
  CC      net/ipv6/ip6_icmp.o
  CC      drivers/media/v4l2-core/v4l2-ctrls.o
  CC      net/ipv4/inet_fragment.o
  CC      net/ipv6/output_core.o
  CC      net/ipv4/ping.o
  CC      net/ipv6/protocol.o
  CC      drivers/media/v4l2-core/v4l2-subdev.o
  CC      net/ipv6/ip6_offload.o
  CC      drivers/media/v4l2-core/v4l2-clk.o
  CC      net/ipv4/ip_tunnel_core.o
net/ipv6/ip6_offload.c:261:25: warning: 'sit_gro_receive' defined but not used [-Wunused-function]
 static struct sk_buff **sit_gro_receive(struct sk_buff **head,
                         ^~~~~~~~~~~~~~~
  CC      drivers/media/v4l2-core/v4l2-async.o
  CC      net/ipv6/tcpv6_offload.o
  CC      drivers/media/v4l2-core/v4l2-of.o
  CC      net/ipv6/udp_offload.o
  CC      drivers/media/v4l2-core/v4l2-common.o
  CC      net/ipv4/gre_offload.o
  CC      net/ipv4/sysctl_net_ipv4.o
  CC      drivers/media/v4l2-core/v4l2-dv-timings.o
  CC      net/ipv6/exthdrs_offload.o
  CC      drivers/media/v4l2-core/videobuf-core.o
  CC      net/ipv6/inet6_hashtables.o
  CC      net/ipv4/proc.o
  CC      drivers/media/v4l2-core/videobuf-dma-contig.o
  CC      net/ipv4/ipconfig.o
  LD      net/ipv6/ipv6.o
  LD      net/ipv6/built-in.o
  CC      net/ipv4/netfilter.o
  CC      drivers/media/v4l2-core/videobuf2-core.o
  CC      lib/lockref.o
  LD      net/ipv4/netfilter/built-in.o
  CC      net/ipv4/inet_diag.o
  CC      lib/bcd.o
  CC      lib/div64.o
  LD      drivers/media/v4l2-core/videodev.o
  LD      drivers/media/v4l2-core/built-in.o
  LD      drivers/media/built-in.o
  CC      lib/sort.o
  CC      drivers/mfd/stmpe.o
  CC      lib/parser.o
  CC      lib/halfmd4.o
  CC      drivers/mfd/stmpe-i2c.o
  CC      lib/debug_locks.o
  CC      lib/random32.o
  CC      net/ipv4/tcp_diag.o
  CC      drivers/mfd/mfd-core.o
  CC      lib/bust_spinlocks.o
  CC      lib/kasprintf.o
  CC      net/ipv4/tcp_cubic.o
  CC      lib/bitmap.o
  CC      drivers/mfd/syscon.o
  CC      drivers/mfd/mxc-hdmi-core.o
  CC      lib/scatterlist.o
  CC      net/ipv4/xfrm4_policy.o
  LD      drivers/mfd/built-in.o
  LD      drivers/misc/carma/built-in.o
  LD      drivers/misc/cb710/built-in.o
  CC      drivers/misc/eeprom/at24.o
  CC      lib/gcd.o
  CC      lib/lcm.o
  CC      lib/list_sort.o
  CC      net/ipv4/xfrm4_state.o
  CC      drivers/misc/eeprom/at25.o
  CC      lib/uuid.o
  CC      lib/flex_array.o
  LD      drivers/misc/eeprom/built-in.o
  LD      drivers/misc/lis3lv02d/built-in.o
  LD      drivers/misc/mic/built-in.o
  LD      drivers/misc/ti-st/built-in.o
  CC      drivers/misc/sram.o
  CC      lib/iov_iter.o
  CC      net/ipv4/xfrm4_input.o
  LD      drivers/misc/built-in.o
  CC      drivers/mmc/card/block.o
  CC      net/ipv4/xfrm4_output.o
  CC      lib/clz_ctz.o
  CC      drivers/mmc/card/queue.o
  CC      lib/bsearch.o
  CC      lib/find_bit.o
  CC      lib/llist.o
  CC      lib/memweight.o
  CC      net/ipv4/xfrm4_protocol.o
  CC      lib/kfifo.o
  LD      drivers/mmc/card/mmc_block.o
  LD      drivers/mmc/card/built-in.o
  CC      drivers/mmc/core/core.o
  LD      net/ipv4/built-in.o
  LD      net/mac80211/built-in.o
  CC      net/netfilter/core.o
  CC      lib/percpu-refcount.o
  CC      lib/percpu_ida.o
  CC      lib/rhashtable.o
  CC      net/netfilter/nf_log.o
  CC      drivers/mmc/core/bus.o
  CC      drivers/mmc/core/host.o
  CC      lib/reciprocal_div.o
  CC      drivers/mmc/core/mmc.o
  CC      lib/string_helpers.o
  CC      net/netfilter/nf_queue.o
  CC      lib/hexdump.o
  CC      lib/kstrtox.o
  CC      lib/pci_iomap.o
  CC      lib/iomap_copy.o
  CC      lib/devres.o
  CC      drivers/mmc/core/mmc_ops.o
  CC      net/netfilter/nf_sockopt.o
  LD      net/netfilter/netfilter.o
  LD      net/netfilter/built-in.o
  CC      net/netlink/af_netlink.o
  CC      lib/hweight.o
  CC      drivers/mmc/core/sd.o
  CC      lib/assoc_array.o
  CC      drivers/mmc/core/sd_ops.o
  CC      lib/bitrev.o
  CC      lib/rational.o
  CC      lib/crc16.o
  CC      lib/crc-t10dif.o
  CC      drivers/mmc/core/sdio.o
  CC      net/netlink/genetlink.o
  HOSTCC  lib/gen_crc32table
  CC      lib/genalloc.o
  CC      lib/fonts/fonts.o
  CC      drivers/mmc/core/sdio_ops.o
  CC      lib/fonts/font_8x8.o
  CC      lib/fonts/font_8x16.o
  CC      drivers/mmc/core/sdio_bus.o
  LD      lib/fonts/font.o
  LD      lib/fonts/built-in.o
  CC      lib/lz4/lz4_decompress.o
  LD      net/netlink/built-in.o
  CC      net/packet/af_packet.o
  CC      drivers/mmc/core/sdio_cis.o
  LD      lib/lz4/built-in.o
  CC      lib/lzo/lzo1x_compress.o
  CC      lib/lzo/lzo1x_decompress_safe.o
  CC      drivers/mmc/core/sdio_io.o
  LD      lib/lzo/lzo_compress.o
  LD      lib/lzo/lzo_decompress.o
  LD      lib/lzo/built-in.o
  CC      lib/xz/xz_dec_syms.o
  CC      lib/xz/xz_dec_stream.o
  CC      drivers/mmc/core/sdio_irq.o
  CC      drivers/mmc/core/quirks.o
  CC      lib/xz/xz_dec_lzma2.o
  CC      drivers/mmc/core/slot-gpio.o
  CC      drivers/mmc/core/pwrseq.o
  CC      drivers/mmc/core/pwrseq_simple.o
  CC      lib/xz/xz_dec_bcj.o
  CC      drivers/mmc/core/pwrseq_emmc.o
  CC      drivers/mmc/core/debugfs.o
  LD      lib/xz/xz_dec.o
  LD      lib/xz/built-in.o
  CC      lib/zlib_deflate/deflate.o
  LD      net/packet/built-in.o
  CC      net/rfkill/core.o
  LD      drivers/mmc/core/mmc_core.o
  LD      drivers/mmc/core/built-in.o
  CC      drivers/mmc/host/sdhci.o
  CC      lib/zlib_deflate/deftree.o
  CC      net/rfkill/rfkill-gpio.o
  LD      net/rfkill/rfkill.o
  LD      net/rfkill/built-in.o
  CC      net/sched/sch_generic.o
  CC      lib/zlib_deflate/deflate_syms.o
  LD      lib/zlib_deflate/zlib_deflate.o
  LD      lib/zlib_deflate/built-in.o
  CC      lib/zlib_inflate/inffast.o
  CC      lib/zlib_inflate/inflate.o
  CC      lib/zlib_inflate/infutil.o
  CC      lib/zlib_inflate/inftrees.o
  CC      lib/zlib_inflate/inflate_syms.o
  LD      lib/zlib_inflate/zlib_inflate.o
  LD      lib/zlib_inflate/built-in.o
  CC      lib/percpu_counter.o
  CC      net/sched/sch_mq.o
  CC      lib/swiotlb.o
  CC      drivers/mmc/host/sdhci-pltfm.o
  LD      net/sched/built-in.o
  CC      net/sunrpc/clnt.o
  CC      drivers/mmc/host/sdhci-esdhc-imx.o
  CC      lib/iommu-helper.o
  LD      drivers/mmc/host/built-in.o
  LD      drivers/mmc/built-in.o
  CC      drivers/mtd/mtdcore.o
  CC      lib/iommu-common.o
  CC      net/sunrpc/xprt.o
  CC      lib/syscall.o
  CC      lib/nlattr.o
  CC      drivers/mtd/mtdsuper.o
  CC      net/sunrpc/socklib.o
  CC      drivers/mtd/mtdconcat.o
  CC      lib/average.o
  CC      lib/cpu_rmap.o
  CC      lib/dynamic_queue_limits.o
  CC      net/sunrpc/xprtsock.o
  CC      lib/glob.o
  CC      drivers/mtd/mtdpart.o
  CC      lib/strncpy_from_user.o
  CC      lib/strnlen_user.o
  CC      lib/net_utils.o
  CC      net/sunrpc/sched.o
  CC      drivers/mtd/mtdchar.o
  CC      lib/stmp_device.o
  GEN     lib/oid_registry_data.c
  CC      lib/argv_split.o
  CC      drivers/mtd/ofpart.o
  CC      lib/bug.o
  CC      lib/cmdline.o
  CC      drivers/mtd/cmdlinepart.o
  CC      net/sunrpc/auth.o
  CC      lib/cpumask.o
  CC      lib/ctype.o
  CC      drivers/mtd/mtd_blkdevs.o
  CC      lib/dec_and_lock.o
  CC      lib/decompress.o
  CC      lib/decompress_bunzip2.o
drivers/mtd/mtd_blkdevs.c: In function 'do_blktrans_request':
drivers/mtd/mtd_blkdevs.c:100:2: warning: switch condition has boolean value [-Wswitch-bool]
  switch(rq_data_dir(req)) {
  ^~~~~~
  CC      lib/decompress_inflate.o
  CC      lib/decompress_unlz4.o
  CC      lib/decompress_unlzma.o
  CC      drivers/mtd/mtdblock.o
  CC      net/sunrpc/auth_null.o
  CC      net/sunrpc/auth_unix.o
  CC      drivers/mtd/chips/chipreg.o
  CC      lib/decompress_unlzo.o
  CC      drivers/mtd/chips/cfi_probe.o
  CC      lib/decompress_unxz.o
  CC      net/sunrpc/auth_generic.o
  CC      lib/dump_stack.o
  CC      drivers/mtd/chips/cfi_util.o
  CC      lib/earlycpio.o
  CC      lib/extable.o
  CC      lib/fdt.o
  CC      net/sunrpc/svc.o
  CC      drivers/mtd/chips/cfi_cmdset_0020.o
  CC      lib/fdt_empty_tree.o
  CC      lib/fdt_ro.o
  CC      lib/fdt_rw.o
  CC      lib/fdt_strerror.o
  CC      lib/fdt_sw.o
  CC      lib/fdt_wip.o
  CC      lib/flex_proportions.o
  CC      drivers/mtd/chips/cfi_cmdset_0002.o
  CC      net/sunrpc/svcsock.o
  CC      lib/idr.o
  CC      lib/int_sqrt.o
  CC      net/sunrpc/svcauth.o
  CC      lib/ioremap.o
  CC      lib/irq_regs.o
  CC      lib/is_single_threaded.o
  CC      lib/klist.o
  CC      net/sunrpc/svcauth_unix.o
  CC      lib/kobject.o
  CC      net/sunrpc/addr.o
  CC      lib/kobject_uevent.o
  CC      net/sunrpc/rpcb_clnt.o
  CC      drivers/mtd/chips/cfi_cmdset_0001.o
  CC      lib/md5.o
  CC      lib/plist.o
  CC      lib/proportions.o
  CC      net/sunrpc/timer.o
  CC      lib/radix-tree.o
  CC      net/sunrpc/xdr.o
  CC      lib/ratelimit.o
  CC      net/sunrpc/sunrpc_syms.o
  CC      lib/rbtree.o
  CC      drivers/mtd/chips/gen_probe.o
  CC      lib/seq_buf.o
  CC      drivers/mtd/chips/jedec_probe.o
  CC      lib/sha1.o
  CC      net/sunrpc/cache.o
  CC      lib/show_mem.o
  CC      lib/string.o
  LD      drivers/mtd/chips/built-in.o
  LD      drivers/mtd/devices/built-in.o
  LD      drivers/mtd/lpddr/built-in.o
  CC      drivers/mtd/maps/physmap_of.o
  CC      lib/timerqueue.o
  CC      net/sunrpc/rpc_pipe.o
  LD      drivers/mtd/maps/built-in.o
  LD      drivers/mtd/nand/built-in.o
  LD      drivers/mtd/onenand/built-in.o
  LD      drivers/mtd/tests/built-in.o
  CC      drivers/mtd/ubi/vtbl.o
  CC      lib/vsprintf.o
  CC      drivers/mtd/ubi/vmt.o
  CC      net/sunrpc/svc_xprt.o
  CC      drivers/mtd/ubi/upd.o
  GEN     lib/crc32table.h
  CC      lib/oid_registry.o
  CC      net/sunrpc/backchannel_rqst.o
  CC      drivers/mtd/ubi/build.o
  AR      lib/lib.a
  CC      lib/crc32.o
  CC      net/sunrpc/bc_svc.o
  CC      net/sunrpc/stats.o
  CC      drivers/mtd/ubi/cdev.o
  LD      lib/built-in.o
  CC      drivers/mxc/gpu-viv/hal/os/linux/kernel/gc_hal_kernel_device.o
  CC      drivers/mtd/ubi/kapi.o
  CC      net/sunrpc/sysctl.o
  CC      drivers/mxc/gpu-viv/hal/os/linux/kernel/gc_hal_kernel_linux.o
  CC      drivers/mxc/gpu-viv/hal/os/linux/kernel/gc_hal_kernel_math.o
  CC      drivers/mxc/gpu-viv/hal/os/linux/kernel/gc_hal_kernel_os.o
  CC      net/sunrpc/auth_gss/auth_gss.o
  CC      drivers/mtd/ubi/eba.o
  CC      net/sunrpc/auth_gss/gss_generic_token.o
  CC      drivers/mtd/ubi/io.o
  CC      net/sunrpc/auth_gss/gss_mech_switch.o
  CC      drivers/mxc/gpu-viv/hal/os/linux/kernel/gc_hal_kernel_debugfs.o
  CC      drivers/mtd/ubi/wl.o
  CC      net/sunrpc/auth_gss/svcauth_gss.o
  CC      drivers/mxc/gpu-viv/hal/os/linux/kernel/gc_hal_kernel_allocator.o
  CC      drivers/mtd/ubi/attach.o
  CC      net/sunrpc/auth_gss/gss_rpc_upcall.o
  CC      drivers/mxc/gpu-viv/hal/os/linux/kernel/allocator/default/gc_hal_kernel_allocator_dmabuf.o
  CC      net/sunrpc/auth_gss/gss_rpc_xdr.o
  CC      drivers/mxc/gpu-viv/hal/os/linux/kernel/gc_hal_kernel_probe.o
  CC      net/sunrpc/auth_gss/gss_krb5_mech.o
  CC      drivers/mtd/ubi/misc.o
  CC      net/sunrpc/auth_gss/gss_krb5_seal.o
  CC      drivers/mxc/gpu-viv/hal/os/linux/kernel/platform/freescale/gc_hal_kernel_platform_imx6q14.o
  CC      drivers/mtd/ubi/debug.o
  CC      net/sunrpc/auth_gss/gss_krb5_unseal.o
  CC      net/sunrpc/auth_gss/gss_krb5_seqnum.o
  LD      drivers/mtd/ubi/ubi.o
  LD      drivers/mtd/ubi/built-in.o
  CC      drivers/mxc/gpu-viv/hal/kernel/gc_hal_kernel.o
  LD      drivers/mtd/mtd.o
  LD      drivers/mtd/built-in.o
  CC      net/sunrpc/auth_gss/gss_krb5_wrap.o
  CC      net/unix/af_unix.o
  CC      net/sunrpc/auth_gss/gss_krb5_crypto.o
  CC      drivers/mxc/gpu-viv/hal/kernel/gc_hal_kernel_command.o
  CC      net/sunrpc/auth_gss/gss_krb5_keys.o
  CC      net/unix/garbage.o
  LD      net/sunrpc/auth_gss/auth_rpcgss.o
  CC      drivers/mxc/gpu-viv/hal/kernel/gc_hal_kernel_db.o
  LD      net/sunrpc/auth_gss/rpcsec_gss_krb5.o
  LD      net/sunrpc/auth_gss/built-in.o
  LD      net/sunrpc/xprtrdma/built-in.o
  LD      net/sunrpc/sunrpc.o
  LD      net/sunrpc/built-in.o
  CC      drivers/mxc/ipu3/ipu_common.o
  CC      net/unix/sysctl_net_unix.o
  CC      drivers/mxc/gpu-viv/hal/kernel/gc_hal_kernel_debug.o
  LD      net/unix/unix.o
  LD      net/unix/built-in.o
  LD      net/wireless/built-in.o
  CC      net/xfrm/xfrm_policy.o
  CC      drivers/mxc/gpu-viv/hal/kernel/gc_hal_kernel_event.o
  CC      drivers/mxc/gpu-viv/hal/kernel/gc_hal_kernel_heap.o
  CC      drivers/mxc/gpu-viv/hal/kernel/gc_hal_kernel_mmu.o
  CC      net/xfrm/xfrm_state.o
  CC      drivers/mxc/gpu-viv/hal/kernel/gc_hal_kernel_video_memory.o
  CC      drivers/mxc/ipu3/ipu_ic.o
  CC      drivers/mxc/gpu-viv/hal/kernel/gc_hal_kernel_power.o
  CC      drivers/mxc/gpu-viv/hal/kernel/arch/gc_hal_kernel_context.o
  CC      drivers/mxc/ipu3/ipu_disp.o
  CC      net/xfrm/xfrm_hash.o
  CC      net/xfrm/xfrm_input.o
  CC      drivers/mxc/gpu-viv/hal/kernel/arch/gc_hal_kernel_hardware.o
  CC      net/xfrm/xfrm_output.o
  CC      drivers/mxc/ipu3/ipu_capture.o
  CC      net/xfrm/xfrm_sysctl.o
  CC      drivers/mxc/ipu3/ipu_device.o
  CC      net/xfrm/xfrm_replay.o
  CC      drivers/mxc/gpu-viv/hal/kernel/arch/gc_hal_kernel_recorder.o
  CC      drivers/mxc/gpu-viv/hal/kernel/gc_hal_kernel_vg.o
  LD      net/xfrm/built-in.o
  CC      net/sysctl_net.o
  CC      drivers/mxc/gpu-viv/hal/kernel/gc_hal_kernel_command_vg.o
  LD      net/built-in.o
  CC      drivers/mxc/mipi/mxc_mipi_csi2.o
  CC      drivers/mxc/gpu-viv/hal/kernel/gc_hal_kernel_interrupt_vg.o
  LD      drivers/mxc/mipi/built-in.o
  CC      drivers/mxc/gpu-viv/hal/kernel/gc_hal_kernel_mmu_vg.o
  CC      drivers/mxc/mlb/mxc_mlb.o
  CC      drivers/mxc/gpu-viv/hal/kernel/archvg/gc_hal_kernel_hardware_command_vg.o
  CC      drivers/mxc/gpu-viv/hal/kernel/archvg/gc_hal_kernel_hardware_vg.o
  CC      drivers/mxc/gpu-viv/hal/os/linux/kernel/allocator/freescale/gc_hal_kernel_allocator_cma.o
  CC      drivers/mxc/ipu3/ipu_calc_stripes_sizes.o
  CC      drivers/mxc/ipu3/vdoa.o
  LD      drivers/mxc/mlb/built-in.o
  CC      drivers/mxc/ipu3/ipu_pixel_clk.o
  LD      drivers/mxc/gpu-viv/galcore.o
  LD      drivers/mxc/gpu-viv/built-in.o
  CC      drivers/mxc/vpu/mxc_vpu.o
  CC      drivers/net/mii.o
  LD      drivers/mxc/ipu3/mxc_ipu.o
  LD      drivers/mxc/ipu3/built-in.o
  CC      drivers/net/Space.o
  LD      drivers/nfc/built-in.o
  CC      drivers/of/base.o
  CC      drivers/net/loopback.o
  LD      drivers/mxc/vpu/built-in.o
  LD      drivers/mxc/built-in.o
  CC      drivers/net/can/vcan.o
  CC      drivers/net/can/dev.o
  CC      drivers/of/device.o
  LD      drivers/net/ethernet/3com/built-in.o
  LD      drivers/net/ethernet/adaptec/built-in.o
  LD      drivers/net/ethernet/agere/built-in.o
  LD      drivers/net/ethernet/alteon/built-in.o
  LD      drivers/net/ethernet/amd/built-in.o
  LD      drivers/net/ethernet/arc/built-in.o
  LD      drivers/net/ethernet/brocade/built-in.o
  LD      drivers/net/ethernet/chelsio/built-in.o
  LD      drivers/net/ethernet/cisco/built-in.o
  LD      drivers/net/ethernet/dec/built-in.o
  LD      drivers/net/ethernet/dlink/built-in.o
  LD      drivers/net/ethernet/emulex/built-in.o
  CC      drivers/net/ethernet/freescale/fec_main.o
  CC      drivers/of/platform.o
  CC      drivers/of/fdt.o
  LD      drivers/net/can/softing/built-in.o
  LD      drivers/net/can/spi/built-in.o
  LD      drivers/net/can/usb/built-in.o
  CC      drivers/net/can/flexcan.o
In file included from ./include/uapi/linux/posix_types.h:4:0,
                 from include/uapi/linux/types.h:13,
                 from include/linux/types.h:5,
                 from include/linux/crc32.h:8,
                 from drivers/of/fdt.c:12:
drivers/of/fdt.c: In function '__unflatten_device_tree':
include/linux/stddef.h:8:14: warning: 'return' with a value, in function returning void
 #define NULL ((void *)0)
              ^
drivers/of/fdt.c:416:10: note: in expansion of macro 'NULL'
   return NULL;
          ^~~~
drivers/of/fdt.c:381:13: note: declared here
 static void __unflatten_device_tree(void *blob,
             ^~~~~~~~~~~~~~~~~~~~~~~
  CC      drivers/of/fdt_address.o
  LD      drivers/net/can/can-dev.o
  LD      drivers/net/can/built-in.o
  CC      drivers/net/phy/phy.o
  CC      drivers/of/address.o
  CC      drivers/net/ethernet/freescale/fec_ptp.o
  CC      drivers/net/phy/phy_device.o
  CC      drivers/of/irq.o
  LD      drivers/net/ethernet/freescale/fec.o
  LD      drivers/net/ethernet/freescale/built-in.o
  LD      drivers/net/ethernet/hisilicon/built-in.o
  LD      drivers/net/ethernet/hp/built-in.o
  LD      drivers/net/ethernet/mellanox/built-in.o
  LD      drivers/net/ethernet/myricom/built-in.o
  LD      drivers/net/ethernet/neterion/built-in.o
  LD      drivers/net/ethernet/nvidia/built-in.o
  LD      drivers/net/ethernet/oki-semi/built-in.o
  LD      drivers/net/ethernet/packetengines/built-in.o
  LD      drivers/net/ethernet/qlogic/built-in.o
  LD      drivers/net/ethernet/qualcomm/built-in.o
  LD      drivers/net/ethernet/rdc/built-in.o
  LD      drivers/net/ethernet/realtek/built-in.o
  LD      drivers/net/ethernet/rocker/built-in.o
  LD      drivers/net/ethernet/samsung/built-in.o
  LD      drivers/net/ethernet/silan/built-in.o
  LD      drivers/net/ethernet/sis/built-in.o
  LD      drivers/net/ethernet/sun/built-in.o
  LD      drivers/net/ethernet/tehuti/built-in.o
  LD      drivers/net/ethernet/ti/built-in.o
  LD      drivers/net/ethernet/via/built-in.o
  LD      drivers/net/ethernet/built-in.o
  CC      drivers/of/of_net.o
  LD      drivers/net/ppp/built-in.o
  LD      drivers/net/slip/built-in.o
  CC      drivers/net/usb/asix_devices.o
  CC      drivers/net/phy/mdio_bus.o
  CC      drivers/of/of_mdio.o
  CC      drivers/net/usb/asix_common.o
  CC      drivers/net/phy/micrel.o
  CC      drivers/of/of_pci.o
  CC      drivers/net/usb/ax88172a.o
  LD      drivers/net/phy/libphy.o
  LD      drivers/net/phy/built-in.o
  CC      drivers/net/usb/ax88179_178a.o
  CC      drivers/of/of_pci_irq.o
  CC      drivers/net/usb/cdc_ether.o
  CC      drivers/of/of_mtd.o
  LD      drivers/net/wireless/built-in.o
  LD      drivers/net/wireless/rt2x00/built-in.o
  LD      drivers/net/wireless/rtlwifi/built-in.o
  LD      drivers/net/wireless/rtlwifi/rtl8192c/built-in.o
  LD      drivers/net/wireless/rtlwifi/rtl8192cu/built-in.o
  CC      drivers/net/usb/net1080.o
  CC      drivers/of/of_reserved_mem.o
  CC      drivers/net/usb/cdc_subset.o
  CC      drivers/net/usb/zaurus.o
  LD      drivers/of/built-in.o
  CC      drivers/pci/access.o
  CC      drivers/pci/bus.o
  CC      drivers/net/usb/usbnet.o
  CC      drivers/net/usb/cdc_ncm.o
  CC      drivers/pci/probe.o
  CC      drivers/pci/host-bridge.o
  CC      drivers/pci/remove.o
  CC      drivers/pinctrl/core.o
  LD      drivers/net/usb/asix.o
  LD      drivers/net/usb/built-in.o
  LD      drivers/net/built-in.o
  CC      drivers/pci/pci.o
  CC      drivers/pinctrl/pinctrl-utils.o
  CC      drivers/pci/pci-driver.o
  CC      drivers/pinctrl/pinmux.o
  LD      drivers/platform/built-in.o
  CC      drivers/pinctrl/pinconf.o
  CC      drivers/pci/search.o
  CC      drivers/pinctrl/devicetree.o
  CC      drivers/pinctrl/freescale/pinctrl-imx.o
  CC      drivers/power/power_supply_core.o
  CC      drivers/pci/pci-sysfs.o
  CC      drivers/pinctrl/freescale/pinctrl-imx6q.o
  CC      drivers/power/power_supply_sysfs.o
  CC      drivers/pinctrl/freescale/pinctrl-imx6dl.o
  CC      drivers/pci/rom.o
  LD      drivers/pinctrl/freescale/built-in.o
  LD      drivers/pinctrl/nomadik/built-in.o
  LD      drivers/pinctrl/built-in.o
  CC      drivers/pci/setup-res.o
  LD      drivers/power/power_supply.o
  LD      drivers/power/built-in.o
  CC      drivers/pci/irq.o
  CC      drivers/pps/pps.o
  CC      drivers/pps/kapi.o
  CC      drivers/pci/vpd.o
  CC      drivers/pci/setup-bus.o
  CC      drivers/pps/sysfs.o
  LD      drivers/pps/clients/built-in.o
  LD      drivers/pps/generators/built-in.o
  CC      drivers/ptp/ptp_clock.o
  LD      drivers/pps/pps_core.o
  LD      drivers/pps/built-in.o
  CC      drivers/pci/vc.o
  CC      drivers/pwm/core.o
  CC      drivers/pci/proc.o
  CC      drivers/ptp/ptp_chardev.o
  CC      drivers/pci/slot.o
  CC      drivers/pwm/sysfs.o
  CC      drivers/ptp/ptp_sysfs.o
  CC      drivers/pci/quirks.o
  CC      drivers/pwm/pwm-imx.o
  LD      drivers/ptp/ptp.o
  LD      drivers/ptp/built-in.o
  CC      drivers/pci/host/pcie-designware.o
  LD      drivers/pwm/built-in.o
  CC      drivers/pci/host/pci-imx6.o
  CC      drivers/pci/pcie/aspm.o
  LD      drivers/pci/host/built-in.o
  CC      drivers/pci/pcie/portdrv_core.o
  CC      drivers/pci/pcie/portdrv_pci.o
  CC      drivers/ras/ras.o
  CC      drivers/pci/msi.o
  CC      drivers/pci/pcie/portdrv_bus.o
  CC      drivers/pci/pcie/aer/aerdrv_errprint.o
  CC      drivers/ras/debugfs.o
  CC      drivers/pci/pcie/aer/aerdrv_core.o
  LD      drivers/ras/built-in.o
  CC      drivers/pci/setup-irq.o
  CC      drivers/regulator/core.o
  CC      drivers/reset/core.o
  CC      drivers/pci/pcie/aer/aerdrv.o
  CC      drivers/reset/gpio-reset.o
  LD      drivers/pci/pcie/aer/aerdriver.o
  LD      drivers/pci/pcie/aer/built-in.o
  CC      drivers/pci/pcie/pme.o
  LD      drivers/reset/built-in.o
  CC      drivers/regulator/dummy.o
  LD      drivers/pci/pcie/pcieportdrv.o
  LD      drivers/pci/pcie/built-in.o
  CC      drivers/pci/syscall.o
  CC      drivers/rtc/rtc-lib.o
  CC      drivers/pci/of.o
  LD      drivers/pci/built-in.o
  CC      drivers/regulator/fixed-helper.o
  CC      drivers/rtc/hctosys.o
  CC      drivers/rtc/systohc.o
  CC      drivers/scsi/scsi.o
  CC      drivers/rtc/class.o
  CC      drivers/regulator/helpers.o
  CC      drivers/rtc/interface.o
  CC      drivers/regulator/devres.o
  CC      drivers/regulator/of_regulator.o
  CC      drivers/scsi/hosts.o
  CC      drivers/rtc/rtc-dev.o
  CC      drivers/regulator/fixed.o
  CC      drivers/rtc/rtc-proc.o
  CC      drivers/regulator/anatop-regulator.o
  CC      drivers/rtc/rtc-sysfs.o
  CC      drivers/scsi/scsi_ioctl.o
  CC      drivers/rtc/rtc-ds1307.o
  CC      drivers/regulator/pfuze100-regulator.o
  CC      drivers/rtc/rtc-snvs.o
  LD      drivers/regulator/built-in.o
  CC      drivers/scsi/scsicam.o
  LD      drivers/soc/built-in.o
  CC      drivers/scsi/scsi_error.o
  LD      drivers/rtc/rtc-core.o
  LD      drivers/rtc/built-in.o
  CC      drivers/scsi/scsi_lib.o
  CC      drivers/spi/spi.o
  CC      drivers/scsi/constants.o
  CC      drivers/staging/staging.o
  LD      drivers/staging/iio/accel/built-in.o
  CC      drivers/staging/iio/adc/stmpe-adc.o
  CC      drivers/scsi/scsi_lib_dma.o
  CC      drivers/spi/spidev.o
  LD      drivers/staging/iio/adc/built-in.o
  LD      drivers/staging/iio/addac/built-in.o
  LD      drivers/staging/iio/cdc/built-in.o
  LD      drivers/staging/iio/frequency/built-in.o
  LD      drivers/staging/iio/gyro/built-in.o
  LD      drivers/staging/iio/impedance-analyzer/built-in.o
  LD      drivers/staging/iio/light/built-in.o
  LD      drivers/staging/iio/magnetometer/built-in.o
  LD      drivers/staging/iio/meter/built-in.o
  LD      drivers/staging/iio/resolver/built-in.o
  LD      drivers/staging/iio/trigger/built-in.o
  LD      drivers/staging/iio/built-in.o
  LD      drivers/staging/media/built-in.o
  LD      drivers/staging/built-in.o
  CC      drivers/spi/spi-bitbang.o
  CC      drivers/scsi/scsi_scan.o
  CC      drivers/scsi/scsi_sysfs.o
  CC      drivers/spi/spi-imx.o
  CC      drivers/scsi/scsi_devinfo.o
  CC      drivers/thermal/thermal_core.o
  CC      drivers/scsi/scsi_sysctl.o
  LD      drivers/spi/built-in.o
  CC      drivers/scsi/scsi_trace.o
  CC      drivers/thermal/thermal_hwmon.o
  CC      drivers/scsi/scsi_logging.o
  CC      drivers/scsi/scsi_pm.o
  CC      drivers/thermal/of-thermal.o
  LD      drivers/scsi/arm/built-in.o
  CC      drivers/scsi/sd.o
  CC      drivers/thermal/step_wise.o
  CC      drivers/tty/tty_io.o
  CC      drivers/thermal/cpu_cooling.o
  LD      drivers/thermal/samsung/built-in.o
  CC      drivers/thermal/imx_thermal.o
  CC      drivers/thermal/device_cooling.o
  CC      drivers/tty/n_tty.o
  LD      drivers/thermal/thermal_sys.o
  LD      drivers/thermal/built-in.o
  CC      drivers/tty/tty_ioctl.o
  LD      drivers/scsi/scsi_mod.o
  LD      drivers/scsi/sd_mod.o
  LD      drivers/scsi/built-in.o
  CC      drivers/tty/tty_ldisc.o
  CC      drivers/usb/chipidea/core.o
  CC      drivers/usb/chipidea/otg.o
  CC      drivers/tty/tty_buffer.o
  CC      drivers/tty/tty_port.o
  LD      drivers/usb/class/built-in.o
  CC      drivers/usb/chipidea/debug.o
  CC      drivers/tty/tty_mutex.o
  CC      drivers/usb/chipidea/udc.o
  CC      drivers/tty/tty_ldsem.o
  CC      drivers/video/hdmi.o
  CC      drivers/video/backlight/lcd.o
  CC      drivers/tty/pty.o
  CC      drivers/video/backlight/l4f00242t03.o
  LD      drivers/tty/ipwireless/built-in.o
  CC      drivers/tty/serial/serial_core.o
  CC      drivers/video/backlight/platform_lcd.o
  CC      drivers/usb/chipidea/host.o
  CC      drivers/video/backlight/backlight.o
  CC      drivers/usb/chipidea/otg_fsm.o
  CC      drivers/usb/chipidea/ci_hdrc_usb2.o
  CC      drivers/video/backlight/generic_bl.o
  CC      drivers/tty/serial/imx.o
  CC      drivers/video/backlight/pwm_bl.o
  CC      drivers/usb/chipidea/ci_hdrc_msm.o
  CC      drivers/usb/chipidea/ci_hdrc_zevio.o
  LD      drivers/video/backlight/built-in.o
  CC      drivers/video/console/dummycon.o
  CC      drivers/tty/serial/fsl_lpuart.o
  CC      drivers/usb/chipidea/usbmisc_imx.o
  CC      drivers/video/console/fbcon.o
  LD      drivers/tty/serial/built-in.o
  CC      drivers/tty/vt/vt_ioctl.o
  CC      drivers/usb/chipidea/ci_hdrc_imx.o
  LD      drivers/usb/chipidea/ci_hdrc.o
  LD      drivers/usb/chipidea/built-in.o
  CC      drivers/usb/common/common.o
  CC      drivers/usb/common/usb-otg-fsm.o
  CC      drivers/tty/vt/vc_screen.o
  CC      drivers/tty/vt/selection.o
  LD      drivers/usb/common/usb-common.o
  LD      drivers/usb/common/built-in.o
  CC      drivers/usb/core/usb.o
  CC      drivers/tty/vt/keyboard.o
  CC      drivers/video/console/bitblit.o
  CC      drivers/usb/core/hub.o
  CC      drivers/video/console/softcursor.o
  LD      drivers/video/console/built-in.o
  CC      drivers/video/fbdev/core/fb_notify.o
  CC      drivers/tty/vt/consolemap.o
  CC      drivers/video/fbdev/core/fb_cmdline.o
  CONMK   drivers/tty/vt/consolemap_deftbl.c
  CC      drivers/tty/vt/vt.o
  CC      drivers/video/fbdev/core/fbmem.o
  CC      drivers/usb/core/hcd.o
  CC      drivers/video/fbdev/core/fbmon.o
  SHIPPED drivers/tty/vt/defkeymap.c
  CC      drivers/tty/vt/consolemap_deftbl.o
  CC      drivers/tty/vt/defkeymap.o
  LD      drivers/tty/vt/built-in.o
  LD      drivers/tty/built-in.o
  CC      drivers/video/fbdev/core/fbcmap.o
  CC      drivers/watchdog/watchdog_core.o
  CC      drivers/usb/core/urb.o
  CC      drivers/watchdog/watchdog_dev.o
  CC      drivers/video/fbdev/core/fbsysfs.o
  CC      drivers/watchdog/imx2_wdt.o
  CC      drivers/usb/core/message.o
  LD      drivers/watchdog/watchdog.o
  LD      drivers/watchdog/built-in.o
  CC      drivers/video/logo/logo.o
  LOGO    drivers/video/logo/logo_linux_mono.c
  LOGO    drivers/video/logo/logo_linux_vga16.c
  LOGO    drivers/video/logo/logo_linux_clut224.c
  LOGO    drivers/video/logo/logo_superh_mono.c
  LOGO    drivers/video/logo/clut_vga16.c
  LOGO    drivers/video/logo/logo_blackfin_vga16.c
  LOGO    drivers/video/logo/logo_superh_vga16.c
  LOGO    drivers/video/logo/logo_blackfin_clut224.c
  LOGO    drivers/video/logo/logo_dec_clut224.c
  LOGO    drivers/video/logo/logo_m32r_clut224.c
  CC      drivers/video/fbdev/core/modedb.o
  LOGO    drivers/video/logo/logo_mac_clut224.c
  LOGO    drivers/video/logo/logo_parisc_clut224.c
  LOGO    drivers/video/logo/logo_sgi_clut224.c
  LOGO    drivers/video/logo/logo_spe_clut224.c
  LOGO    drivers/video/logo/logo_sun_clut224.c
  LOGO    drivers/video/logo/logo_superh_clut224.c
  CC      drivers/video/logo/logo_linux_mono.o
  CC      drivers/video/logo/logo_linux_vga16.o
  CC      drivers/video/logo/logo_linux_clut224.o
  LD      drivers/video/logo/built-in.o
  CC      drivers/video/fbdev/core/fbcvt.o
  CC      drivers/usb/core/driver.o
  CC      drivers/video/fbdev/core/cfbfillrect.o
  LD      drivers/usb/gadget/function/built-in.o
  LD      drivers/usb/gadget/legacy/built-in.o
  CC      drivers/usb/gadget/udc/udc-core.o
  CC      drivers/usb/core/config.o
  CC      drivers/video/fbdev/core/cfbcopyarea.o
  LD      drivers/usb/gadget/udc/built-in.o
  LD      drivers/usb/gadget/built-in.o
  CC      drivers/video/fbdev/mxc/mxc_dispdrv.o
  CC      drivers/usb/core/file.o
  CC      drivers/video/fbdev/core/cfbimgblt.o
  CC      drivers/usb/core/buffer.o
  CC      drivers/video/fbdev/mxc/mipi_dsi.o
  CC      drivers/video/fbdev/core/fb_defio.o
  CC      drivers/usb/core/sysfs.o
  CC      drivers/usb/core/endpoint.o
  LD      drivers/video/fbdev/core/fb.o
  LD      drivers/video/fbdev/core/built-in.o
  CC      drivers/video/display_timing.o
  CC      drivers/usb/host/pci-quirks.o
  CC      drivers/video/fbdev/mxc/mxcfb_hx8369_wvga.o
  CC      drivers/usb/core/devio.o
  CC      drivers/video/fbdev/mxc/ldb.o
  CC      drivers/usb/host/ehci-hcd.o
  CC      drivers/video/fbdev/mxc/mxc_hdmi.o
  CC      drivers/usb/core/notify.o
  CC      drivers/usb/core/generic.o
  CC      drivers/video/fbdev/mxc/mxc_edid.o
  CC      drivers/usb/core/quirks.o
  CC      drivers/usb/host/ehci-pci.o
  CC      drivers/usb/core/devices.o
  CC      drivers/usb/host/ehci-mxc.o
  CC      drivers/video/fbdev/mxc/mxc_lcdif.o
  CC      drivers/video/fbdev/mxc/mxc_vdacif.o
  CC      drivers/usb/core/port.o
  LD      drivers/usb/host/built-in.o
  CC      drivers/usb/core/hcd-pci.o
  CC      drivers/video/fbdev/mxc/mxc_ipuv3_fb.o
  CC      drivers/video/videomode.o
  LD      drivers/usb/core/usbcore.o
  LD      drivers/usb/core/built-in.o
  LD      drivers/usb/misc/built-in.o
  CC      drivers/usb/phy/phy.o
  CC      drivers/video/fbdev/mxc/mxc_epdc_fb.o
  CC      drivers/usb/phy/of.o
  CC      drivers/usb/phy/phy-mxs-usb.o
  CC      drivers/video/of_display_timing.o
  CC      drivers/video/fbdev/mxc/mxsfb_sii902x.o
  LD      drivers/usb/phy/built-in.o
  CC      drivers/usb/serial/usb-serial.o
  CC      drivers/usb/serial/generic.o
  CC      drivers/usb/storage/scsiglue.o
  CC      drivers/video/fbdev/mxc/hannstar_cabc.o
  LD      drivers/video/fbdev/mxc/built-in.o
  LD      drivers/video/fbdev/omap2/displays-new/built-in.o
  LD      drivers/video/fbdev/omap2/dss/built-in.o
  LD      drivers/video/fbdev/omap2/built-in.o
  CC      drivers/video/fbdev/mxsfb.o
  CC      drivers/usb/serial/bus.o
  CC      drivers/usb/storage/protocol.o
  LD      drivers/video/fbdev/built-in.o
  CC      drivers/video/of_videomode.o
  CC      drivers/usb/serial/console.o
  LD      drivers/video/built-in.o
  CC      drivers/usb/storage/transport.o
  CC      drivers/usb/serial/ftdi_sio.o
  CC      drivers/usb/serial/pl2303.o
  CC      drivers/usb/storage/usb.o
  LD      drivers/usb/serial/usbserial.o
  CC      drivers/usb/storage/initializers.o
  LD      drivers/usb/serial/built-in.o
  CC      drivers/usb/storage/sierra_ms.o
  CC      drivers/usb/storage/option_ms.o
  CC      drivers/usb/storage/usual-tables.o
  LD      drivers/usb/storage/usb-storage.o
  LD      drivers/usb/storage/built-in.o
  LD      drivers/usb/built-in.o
  LD      drivers/built-in.o
  LINK    vmlinux
  LD      vmlinux.o
  MODPOST vmlinux.o
  GEN     .version
  CHK     include/generated/compile.h
  UPD     include/generated/compile.h
  CC      init/version.o
  LD      init/built-in.o
  KSYM    .tmp_kallsyms1.o
  KSYM    .tmp_kallsyms2.o
  LD      vmlinux
  SORTEX  vmlinux
  SYSMAP  System.map
  OBJCOPY arch/arm/boot/Image
  Kernel: arch/arm/boot/Image is ready
  LDS     arch/arm/boot/compressed/vmlinux.lds
  AS      arch/arm/boot/compressed/head.o
  LZO     arch/arm/boot/compressed/piggy.lzo
  CC      arch/arm/boot/compressed/misc.o
  CC      arch/arm/boot/compressed/decompress.o
  CC      arch/arm/boot/compressed/string.o
  SHIPPED arch/arm/boot/compressed/hyp-stub.S
  SHIPPED arch/arm/boot/compressed/lib1funcs.S
  SHIPPED arch/arm/boot/compressed/ashldi3.S
  SHIPPED arch/arm/boot/compressed/bswapsdi2.S
  AS      arch/arm/boot/compressed/hyp-stub.o
  AS      arch/arm/boot/compressed/lib1funcs.o
  AS      arch/arm/boot/compressed/ashldi3.o
  AS      arch/arm/boot/compressed/bswapsdi2.o
  AS      arch/arm/boot/compressed/piggy.lzo.o
  LD      arch/arm/boot/compressed/vmlinux
  OBJCOPY arch/arm/boot/zImage
  Kernel: arch/arm/boot/zImage is ready
  UIMAGE  arch/arm/boot/uImage
Image Name:   Linux-4.1.41
Created:      Thu Nov 23 17:30:04 2017
Image Type:   ARM Linux Kernel Image (uncompressed)
Data Size:    5325008 Bytes = 5200.20 kB = 5.08 MB
Load Address: 10008000
Entry Point:  10008000
  Image arch/arm/boot/uImage is ready

[0;32m#### make completed successfully (03:15 (mm:ss)) ####[00m

